# Logfile created on 2017-10-23 22:55:19 -0400 by logger.rb/56438
D, [2017-10-23T22:55:19.591032 #13068] DEBUG -- : REQUESTING PAGE: GET / with {} and HTTP headers {}
D, [2017-10-23T22:55:43.468398 #15376] DEBUG -- : REQUESTING PAGE: GET / with {} and HTTP headers {}
D, [2017-10-23T22:55:56.044117 #10020] DEBUG -- : REQUESTING PAGE: GET / with {} and HTTP headers {}
D, [2017-10-24T00:05:58.850504 #13468] DEBUG -- : REQUESTING PAGE: GET / with {} and HTTP headers {}
D, [2017-10-24T00:05:58.975511 #13468] DEBUG -- : REQUESTING PAGE: GET / with {} and HTTP headers {}
D, [2017-10-24T00:07:01.673097 #14168] DEBUG -- : REQUESTING PAGE: GET / with {} and HTTP headers {}
D, [2017-10-24T00:07:01.816106 #14168] DEBUG -- : REQUESTING PAGE: GET / with {} and HTTP headers {}
D, [2017-10-24T00:07:10.436599 #168] DEBUG -- : REQUESTING PAGE: GET / with {} and HTTP headers {}
D, [2017-10-24T00:07:10.570606 #168] DEBUG -- : REQUESTING PAGE: GET / with {} and HTTP headers {}
D, [2017-10-24T00:10:40.974641 #15468] DEBUG -- : REQUESTING PAGE: GET / with {} and HTTP headers {}
D, [2017-10-24T00:10:41.113649 #15468] DEBUG -- : REQUESTING PAGE: GET / with {} and HTTP headers {}
D, [2017-10-24T00:11:10.245315 #10172] DEBUG -- : REQUESTING PAGE: GET / with {} and HTTP headers {}
D, [2017-10-24T00:11:10.379323 #10172] DEBUG -- : REQUESTING PAGE: GET / with {} and HTTP headers {}
D, [2017-10-24T00:11:38.386925 #12488] DEBUG -- : REQUESTING PAGE: GET / with {} and HTTP headers {}
D, [2017-10-24T00:11:38.881953 #12488] DEBUG -- : REQUESTING PAGE: GET / with {} and HTTP headers {}
D, [2017-10-24T00:11:46.635396 #8420] DEBUG -- : REQUESTING PAGE: GET / with {} and HTTP headers {}
D, [2017-10-24T00:11:46.893411 #8420] DEBUG -- : REQUESTING PAGE: GET / with {} and HTTP headers {}
D, [2017-10-24T00:12:46.436817 #8628] DEBUG -- : REQUESTING PAGE: GET / with {} and HTTP headers {}
D, [2017-10-24T00:12:46.666830 #8628] DEBUG -- : REQUESTING PAGE: GET / with {} and HTTP headers {}
D, [2017-10-24T00:13:31.842414 #13836] DEBUG -- : REQUESTING PAGE: GET / with {} and HTTP headers {}
D, [2017-10-24T00:13:32.160432 #13836] DEBUG -- : REQUESTING PAGE: GET / with {} and HTTP headers {}
D, [2017-10-24T00:15:41.736843 #15616] DEBUG -- : REQUESTING PAGE: GET / with {} and HTTP headers {}
D, [2017-10-24T00:15:42.136866 #15616] DEBUG -- : REQUESTING PAGE: GET / with {} and HTTP headers {}
D, [2017-10-24T00:17:33.837255 #5520] DEBUG -- : REQUESTING PAGE: GET / with {} and HTTP headers {}
D, [2017-10-24T00:17:33.966263 #5520] DEBUG -- : REQUESTING PAGE: GET / with {} and HTTP headers {}
D, [2017-10-24T00:17:34.006265 #5520] DEBUG -- : REQUESTING PAGE: POST /punto with {} and HTTP headers {"HTTP_REFERER"=>"/"}
D, [2017-10-24T00:18:25.052184 #14396] DEBUG -- : REQUESTING PAGE: GET / with {} and HTTP headers {}
D, [2017-10-24T00:18:25.200193 #14396] DEBUG -- : REQUESTING PAGE: GET / with {} and HTTP headers {}
D, [2017-10-24T00:18:25.232195 #14396] DEBUG -- : REQUESTING PAGE: POST /punto with {} and HTTP headers {"HTTP_REFERER"=>"/"}
D, [2017-10-24T00:19:32.653051 #5500] DEBUG -- : REQUESTING PAGE: GET / with {} and HTTP headers {}
D, [2017-10-24T00:19:32.782058 #5500] DEBUG -- : REQUESTING PAGE: GET / with {} and HTTP headers {}
D, [2017-10-24T00:19:32.814060 #5500] DEBUG -- : REQUESTING PAGE: POST /punto with {} and HTTP headers {"HTTP_REFERER"=>"/"}
D, [2017-10-24T00:20:45.032191 #4196] DEBUG -- : REQUESTING PAGE: GET / with {} and HTTP headers {}
D, [2017-10-24T00:21:13.543822 #15072] DEBUG -- : REQUESTING PAGE: GET / with {} and HTTP headers {}
D, [2017-10-24T00:22:50.717380 #13644] DEBUG -- : REQUESTING PAGE: GET / with {} and HTTP headers {}
D, [2017-10-24T00:23:51.550859 #12588] DEBUG -- : REQUESTING PAGE: GET / with {} and HTTP headers {}
D, [2017-10-24T00:24:01.051403 #10196] DEBUG -- : REQUESTING PAGE: GET / with {} and HTTP headers {}
D, [2017-10-24T00:27:44.135162 #11532] DEBUG -- : REQUESTING PAGE: GET / with {} and HTTP headers {}
D, [2017-10-24T00:29:36.208572 #11388] DEBUG -- : REQUESTING PAGE: GET / with {} and HTTP headers {}
D, [2017-10-24T00:31:20.363530 #7608] DEBUG -- : REQUESTING PAGE: GET / with {} and HTTP headers {}
D, [2017-10-24T00:31:59.527770 #15976] DEBUG -- : REQUESTING PAGE: GET / with {} and HTTP headers {}
D, [2017-10-24T00:32:53.121835 #8612] DEBUG -- : REQUESTING PAGE: GET / with {} and HTTP headers {}
D, [2017-10-24T00:33:10.288817 #13148] DEBUG -- : REQUESTING PAGE: GET / with {} and HTTP headers {}
D, [2017-10-24T00:38:00.036390 #13908] DEBUG -- : REQUESTING PAGE: GET / with {} and HTTP headers {}
D, [2017-10-24T00:38:31.239174 #10728] DEBUG -- : REQUESTING PAGE: GET / with {} and HTTP headers {}
D, [2017-10-24T00:42:12.037803 #8476] DEBUG -- : REQUESTING PAGE: GET / with {} and HTTP headers {}
D, [2017-10-24T00:42:42.850566 #4832] DEBUG -- : REQUESTING PAGE: GET / with {} and HTTP headers {}
D, [2017-10-24T00:43:32.111383 #8444] DEBUG -- : REQUESTING PAGE: GET / with {} and HTTP headers {}
D, [2017-10-24T00:44:54.706107 #14304] DEBUG -- : REQUESTING PAGE: GET / with {} and HTTP headers {}
D, [2017-10-24T00:45:10.680021 #9892] DEBUG -- : REQUESTING PAGE: GET / with {} and HTTP headers {}
D, [2017-10-24T00:46:19.702969 #9396] DEBUG -- : REQUESTING PAGE: GET / with {} and HTTP headers {}
D, [2017-10-24T00:47:40.957617 #9500] DEBUG -- : REQUESTING PAGE: GET / with {} and HTTP headers {}
D, [2017-10-24T00:47:47.530992 #7388] DEBUG -- : REQUESTING PAGE: GET / with {} and HTTP headers {}
D, [2017-10-24T00:50:45.271159 #9752] DEBUG -- : REQUESTING PAGE: GET / with {} and HTTP headers {}
D, [2017-10-24T00:50:45.393166 #9752] DEBUG -- : REQUESTING PAGE: GET / with {} and HTTP headers {}
D, [2017-10-24T00:51:41.238360 #10316] DEBUG -- : REQUESTING PAGE: GET / with {} and HTTP headers {}
D, [2017-10-24T00:51:41.381368 #10316] DEBUG -- : REQUESTING PAGE: GET / with {} and HTTP headers {}
D, [2017-10-24T00:51:41.436371 #10316] DEBUG -- : REQUESTING PAGE: POST /punto with {} and HTTP headers {"HTTP_REFERER"=>"/"}
D, [2017-10-24T00:52:38.149615 #14692] DEBUG -- : REQUESTING PAGE: GET / with {} and HTTP headers {}
D, [2017-10-24T00:52:38.276622 #14692] DEBUG -- : REQUESTING PAGE: GET / with {} and HTTP headers {}
D, [2017-10-24T00:52:38.305624 #14692] DEBUG -- : REQUESTING PAGE: POST /punto with {} and HTTP headers {"HTTP_REFERER"=>"/"}
D, [2017-10-24T14:27:20.833698 #5908] DEBUG -- : REQUESTING PAGE: GET / with {} and HTTP headers {}
D, [2017-10-24T14:27:21.057711 #5908] DEBUG -- : REQUESTING PAGE: GET / with {} and HTTP headers {}
D, [2017-10-24T14:27:21.129715 #5908] DEBUG -- : REQUESTING PAGE: POST /punto with {} and HTTP headers {"HTTP_REFERER"=>"/"}
D, [2017-10-24T14:27:21.215720 #5908] DEBUG -- : REQUESTING PAGE: GET / with {} and HTTP headers {}
D, [2017-10-24T16:55:30.377151 #8280] DEBUG -- : REQUESTING PAGE: GET / with {} and HTTP headers {}
D, [2017-10-24T16:55:30.819176 #8280] DEBUG -- : REQUESTING PAGE: GET / with {} and HTTP headers {}
D, [2017-10-24T16:55:30.957184 #8280] DEBUG -- : REQUESTING PAGE: GET / with {} and HTTP headers {}
D, [2017-10-24T19:12:00.953699 #11036] DEBUG -- : REQUESTING PAGE: GET / with {} and HTTP headers {}
D, [2017-10-24T19:13:01.817180 #11188] DEBUG -- : REQUESTING PAGE: GET / with {} and HTTP headers {}
D, [2017-10-24T19:13:17.559081 #4504] DEBUG -- : REQUESTING PAGE: GET / with {} and HTTP headers {}
D, [2017-10-24T19:14:31.366302 #10592] DEBUG -- : REQUESTING PAGE: GET / with {} and HTTP headers {}
D, [2017-10-24T19:14:31.505310 #10592] DEBUG -- : REQUESTING PAGE: GET / with {} and HTTP headers {}
D, [2017-10-24T19:15:23.342275 #9812] DEBUG -- : REQUESTING PAGE: GET / with {} and HTTP headers {}
D, [2017-10-24T19:15:23.477283 #9812] DEBUG -- : REQUESTING PAGE: GET / with {} and HTTP headers {}
D, [2017-10-24T19:16:24.072749 #10544] DEBUG -- : REQUESTING PAGE: GET / with {} and HTTP headers {}
D, [2017-10-24T19:16:24.207757 #10544] DEBUG -- : REQUESTING PAGE: GET / with {} and HTTP headers {}
D, [2017-10-24T19:16:24.349765 #10544] DEBUG -- : REQUESTING PAGE: POST / with {"puntajeJugador1"=>"0", "puntajeJugador2"=>"0"} and HTTP headers {"HTTP_REFERER"=>"/"}
D, [2017-10-24T19:17:24.804222 #1744] DEBUG -- : REQUESTING PAGE: GET / with {} and HTTP headers {}
D, [2017-10-24T19:17:24.948231 #1744] DEBUG -- : REQUESTING PAGE: GET / with {} and HTTP headers {}
D, [2017-10-24T19:17:24.983233 #1744] DEBUG -- : REQUESTING PAGE: POST / with {"puntajeJugador1"=>"0", "puntajeJugador2"=>"0"} and HTTP headers {"HTTP_REFERER"=>"/"}
D, [2017-10-24T19:18:03.030409 #9404] DEBUG -- : REQUESTING PAGE: GET / with {} and HTTP headers {}
D, [2017-10-24T19:18:03.180417 #9404] DEBUG -- : REQUESTING PAGE: GET / with {} and HTTP headers {}
D, [2017-10-24T19:18:03.213419 #9404] DEBUG -- : REQUESTING PAGE: POST / with {"puntajeJugador1"=>"0", "puntajeJugador2"=>"0"} and HTTP headers {"HTTP_REFERER"=>"/"}
D, [2017-10-24T19:21:33.228432 #4880] DEBUG -- : REQUESTING PAGE: GET / with {} and HTTP headers {}
D, [2017-10-24T19:21:33.374440 #4880] DEBUG -- : REQUESTING PAGE: GET / with {} and HTTP headers {}
D, [2017-10-24T19:21:56.556766 #11208] DEBUG -- : REQUESTING PAGE: GET / with {} and HTTP headers {}
D, [2017-10-24T19:21:56.687773 #11208] DEBUG -- : REQUESTING PAGE: GET / with {} and HTTP headers {}
D, [2017-10-24T19:21:56.725775 #11208] DEBUG -- : REQUESTING PAGE: POST / with {"puntajeJugador1"=>"0", "puntajeJugador2"=>"0"} and HTTP headers {"HTTP_REFERER"=>"/"}
D, [2017-10-24T20:08:52.289078 #1968] DEBUG -- : REQUESTING PAGE: GET / with {} and HTTP headers {}
D, [2017-10-24T20:08:52.533092 #1968] DEBUG -- : REQUESTING PAGE: GET / with {} and HTTP headers {}
D, [2017-10-24T20:11:36.513471 #2628] DEBUG -- : REQUESTING PAGE: GET / with {} and HTTP headers {}
D, [2017-10-24T20:11:36.666480 #2628] DEBUG -- : REQUESTING PAGE: GET / with {} and HTTP headers {}
D, [2017-10-24T20:11:36.706482 #2628] DEBUG -- : REQUESTING PAGE: POST / with {"puntajeJugador1"=>"0", "puntajeJugador2"=>"0"} and HTTP headers {"HTTP_REFERER"=>"/"}
D, [2017-10-24T20:12:10.329405 #5180] DEBUG -- : REQUESTING PAGE: GET / with {} and HTTP headers {}
D, [2017-10-24T20:12:10.458413 #5180] DEBUG -- : REQUESTING PAGE: GET / with {} and HTTP headers {}
D, [2017-10-24T20:12:10.486414 #5180] DEBUG -- : REQUESTING PAGE: POST / with {"puntajeJugador1"=>"0", "puntajeJugador2"=>"0"} and HTTP headers {"HTTP_REFERER"=>"/"}
D, [2017-10-24T20:14:50.815585 #10128] DEBUG -- : REQUESTING PAGE: GET / with {} and HTTP headers {}
D, [2017-10-24T20:14:50.948592 #10128] DEBUG -- : REQUESTING PAGE: GET / with {} and HTTP headers {}
D, [2017-10-24T20:14:50.999595 #10128] DEBUG -- : REQUESTING PAGE: POST / with {"puntajeJugador1"=>"0", "puntajeJugador2"=>"0"} and HTTP headers {"HTTP_REFERER"=>"/"}
D, [2017-10-24T20:26:01.439942 #9788] DEBUG -- : REQUESTING PAGE: GET / with {} and HTTP headers {}
D, [2017-10-24T20:26:01.566949 #9788] DEBUG -- : REQUESTING PAGE: GET / with {} and HTTP headers {}
D, [2017-10-24T20:26:01.629953 #9788] DEBUG -- : REQUESTING PAGE: POST / with {"puntajeJugador1"=>"0", "puntajeJugador2"=>"0"} and HTTP headers {"HTTP_REFERER"=>"/"}
D, [2017-10-24T20:26:15.193729 #5632] DEBUG -- : REQUESTING PAGE: GET / with {} and HTTP headers {}
D, [2017-10-24T20:26:15.332737 #5632] DEBUG -- : REQUESTING PAGE: GET / with {} and HTTP headers {}
D, [2017-10-24T20:26:15.364739 #5632] DEBUG -- : REQUESTING PAGE: POST / with {"puntajeJugador1"=>"0", "puntajeJugador2"=>"0"} and HTTP headers {"HTTP_REFERER"=>"/"}
D, [2017-10-24T20:33:54.378993 #10676] DEBUG -- : REQUESTING PAGE: GET / with {} and HTTP headers {}
D, [2017-10-24T20:33:54.532001 #10676] DEBUG -- : REQUESTING PAGE: GET / with {} and HTTP headers {}
D, [2017-10-24T20:47:54.566049 #6492] DEBUG -- : REQUESTING PAGE: GET / with {} and HTTP headers {}
D, [2017-10-24T20:47:54.713057 #6492] DEBUG -- : REQUESTING PAGE: GET / with {} and HTTP headers {}
D, [2017-10-24T20:47:54.735058 #6492] DEBUG -- : REQUESTING PAGE: POST / with {"puntajeJugador1"=>"0", "puntajeJugador2"=>"0"} and HTTP headers {"HTTP_REFERER"=>"/"}
D, [2017-10-24T20:48:27.403927 #6284] DEBUG -- : REQUESTING PAGE: GET / with {} and HTTP headers {}
D, [2017-10-24T20:48:27.586937 #6284] DEBUG -- : REQUESTING PAGE: GET / with {} and HTTP headers {}
D, [2017-10-24T20:48:27.608939 #6284] DEBUG -- : REQUESTING PAGE: POST / with {"puntajeJugador1"=>"0", "puntajeJugador2"=>"0"} and HTTP headers {"HTTP_REFERER"=>"/"}
D, [2017-10-24T20:59:24.547513 #9252] DEBUG -- : REQUESTING PAGE: GET / with {} and HTTP headers {}
D, [2017-10-24T20:59:24.697522 #9252] DEBUG -- : REQUESTING PAGE: GET / with {} and HTTP headers {}
D, [2017-10-24T20:59:41.983511 #10160] DEBUG -- : REQUESTING PAGE: GET / with {} and HTTP headers {}
D, [2017-10-24T20:59:42.133519 #10160] DEBUG -- : REQUESTING PAGE: GET / with {} and HTTP headers {}
D, [2017-10-24T20:59:42.179522 #10160] DEBUG -- : REQUESTING PAGE: POST / with {"puntajeJugador1"=>"0", "puntajeJugador2"=>"0"} and HTTP headers {"HTTP_REFERER"=>"/"}
D, [2017-10-24T21:03:49.445665 #5076] DEBUG -- : REQUESTING PAGE: GET / with {} and HTTP headers {}
D, [2017-10-24T21:03:49.634675 #5076] DEBUG -- : REQUESTING PAGE: GET / with {} and HTTP headers {}
D, [2017-10-24T21:03:49.658677 #5076] DEBUG -- : REQUESTING PAGE: POST / with {"puntajeJugador1"=>"0", "puntajeJugador2"=>"0"} and HTTP headers {"HTTP_REFERER"=>"/"}
D, [2017-10-24T21:04:59.605678 #7972] DEBUG -- : REQUESTING PAGE: GET / with {} and HTTP headers {}
D, [2017-10-24T21:04:59.754686 #7972] DEBUG -- : REQUESTING PAGE: GET / with {} and HTTP headers {}
D, [2017-10-24T21:04:59.780688 #7972] DEBUG -- : REQUESTING PAGE: POST / with {"puntajeJugador1"=>"0", "puntajeJugador2"=>"0"} and HTTP headers {"HTTP_REFERER"=>"/"}
D, [2017-10-24T21:07:04.858842 #10156] DEBUG -- : REQUESTING PAGE: GET / with {} and HTTP headers {}
D, [2017-10-24T21:07:05.002850 #10156] DEBUG -- : REQUESTING PAGE: GET / with {} and HTTP headers {}
D, [2017-10-24T21:07:05.035852 #10156] DEBUG -- : REQUESTING PAGE: POST / with {"puntajeJugador1"=>"0", "puntajeJugador2"=>"0"} and HTTP headers {"HTTP_REFERER"=>"/"}
D, [2017-10-24T21:07:21.176775 #9804] DEBUG -- : REQUESTING PAGE: GET / with {} and HTTP headers {}
D, [2017-10-24T21:07:21.367786 #9804] DEBUG -- : REQUESTING PAGE: GET / with {} and HTTP headers {}
D, [2017-10-24T21:07:21.389787 #9804] DEBUG -- : REQUESTING PAGE: POST / with {"puntajeJugador1"=>"0", "puntajeJugador2"=>"0", "j1"=>"j1"} and HTTP headers {"HTTP_REFERER"=>"/"}
D, [2017-10-24T21:17:51.946853 #976] DEBUG -- : REQUESTING PAGE: GET / with {} and HTTP headers {}
D, [2017-10-24T21:17:52.104862 #976] DEBUG -- : REQUESTING PAGE: GET / with {} and HTTP headers {}
D, [2017-10-24T21:25:49.589172 #1424] DEBUG -- : REQUESTING PAGE: GET / with {} and HTTP headers {}
D, [2017-10-24T21:25:49.784184 #1424] DEBUG -- : REQUESTING PAGE: GET / with {} and HTTP headers {}
D, [2017-10-24T21:26:49.190582 #11268] DEBUG -- : REQUESTING PAGE: GET / with {} and HTTP headers {}
D, [2017-10-24T21:26:49.342590 #11268] DEBUG -- : REQUESTING PAGE: GET / with {} and HTTP headers {}
D, [2017-10-24T21:27:54.448314 #11784] DEBUG -- : REQUESTING PAGE: GET / with {} and HTTP headers {}
D, [2017-10-24T21:27:54.638325 #11784] DEBUG -- : REQUESTING PAGE: GET / with {} and HTTP headers {}
D, [2017-10-24T21:31:50.888838 #10488] DEBUG -- : REQUESTING PAGE: GET / with {} and HTTP headers {}
D, [2017-10-24T21:31:51.037846 #10488] DEBUG -- : REQUESTING PAGE: GET / with {} and HTTP headers {}
D, [2017-10-24T21:35:32.150493 #12008] DEBUG -- : REQUESTING PAGE: GET / with {} and HTTP headers {}
D, [2017-10-24T21:35:32.306502 #12008] DEBUG -- : REQUESTING PAGE: GET / with {} and HTTP headers {}
D, [2017-10-24T21:35:52.252643 #8944] DEBUG -- : REQUESTING PAGE: GET / with {} and HTTP headers {}
D, [2017-10-24T21:35:52.418652 #8944] DEBUG -- : REQUESTING PAGE: GET / with {} and HTTP headers {}
D, [2017-10-24T21:36:44.505632 #9164] DEBUG -- : REQUESTING PAGE: GET / with {} and HTTP headers {}
D, [2017-10-24T21:36:44.648640 #9164] DEBUG -- : REQUESTING PAGE: GET / with {} and HTTP headers {}
D, [2017-10-24T21:37:13.555293 #11544] DEBUG -- : REQUESTING PAGE: GET / with {} and HTTP headers {}
D, [2017-10-24T21:37:13.706302 #11544] DEBUG -- : REQUESTING PAGE: GET / with {} and HTTP headers {}
D, [2017-10-24T21:39:14.815229 #12272] DEBUG -- : REQUESTING PAGE: GET / with {} and HTTP headers {}
D, [2017-10-24T21:39:14.966237 #12272] DEBUG -- : REQUESTING PAGE: GET / with {} and HTTP headers {}
D, [2017-10-24T21:40:03.602019 #6936] DEBUG -- : REQUESTING PAGE: GET / with {} and HTTP headers {}
D, [2017-10-24T21:40:03.793030 #6936] DEBUG -- : REQUESTING PAGE: GET / with {} and HTTP headers {}
D, [2017-10-24T21:41:53.537307 #8828] DEBUG -- : REQUESTING PAGE: GET / with {} and HTTP headers {}
D, [2017-10-24T21:41:53.739319 #8828] DEBUG -- : REQUESTING PAGE: GET / with {} and HTTP headers {}
D, [2017-10-24T21:41:53.762320 #8828] DEBUG -- : REQUESTING PAGE: POST / with {"puntaje1"=>"0", "puntaje2"=>"0"} and HTTP headers {"HTTP_REFERER"=>"/"}
D, [2017-10-24T21:43:02.867273 #5204] DEBUG -- : REQUESTING PAGE: GET / with {} and HTTP headers {}
D, [2017-10-24T21:43:03.081285 #5204] DEBUG -- : REQUESTING PAGE: GET / with {} and HTTP headers {}
D, [2017-10-24T21:43:03.117287 #5204] DEBUG -- : REQUESTING PAGE: POST / with {"puntaje1"=>"0", "puntaje2"=>"0"} and HTTP headers {"HTTP_REFERER"=>"/"}
D, [2017-10-24T21:43:42.696551 #11516] DEBUG -- : REQUESTING PAGE: GET / with {} and HTTP headers {}
D, [2017-10-24T21:43:42.859560 #11516] DEBUG -- : REQUESTING PAGE: GET / with {} and HTTP headers {}
D, [2017-10-24T21:43:42.886562 #11516] DEBUG -- : REQUESTING PAGE: POST / with {"puntaje1"=>"0", "puntaje2"=>"0"} and HTTP headers {"HTTP_REFERER"=>"/"}
D, [2017-10-24T21:44:03.720753 #4556] DEBUG -- : REQUESTING PAGE: GET / with {} and HTTP headers {}
D, [2017-10-24T21:44:03.881762 #4556] DEBUG -- : REQUESTING PAGE: GET / with {} and HTTP headers {}
D, [2017-10-24T21:49:10.657309 #5604] DEBUG -- : REQUESTING PAGE: GET / with {} and HTTP headers {}
D, [2017-10-24T21:49:10.815318 #5604] DEBUG -- : REQUESTING PAGE: GET / with {} and HTTP headers {}
D, [2017-10-24T21:50:23.256461 #11552] DEBUG -- : REQUESTING PAGE: GET / with {} and HTTP headers {}
D, [2017-10-24T21:50:23.451473 #11552] DEBUG -- : REQUESTING PAGE: GET / with {} and HTTP headers {}
D, [2017-10-24T21:50:50.549022 #4740] DEBUG -- : REQUESTING PAGE: GET / with {} and HTTP headers {}
D, [2017-10-24T21:50:50.713032 #4740] DEBUG -- : REQUESTING PAGE: GET / with {} and HTTP headers {}
D, [2017-10-24T21:52:18.795070 #10928] DEBUG -- : REQUESTING PAGE: GET / with {} and HTTP headers {}
D, [2017-10-24T21:52:18.940078 #10928] DEBUG -- : REQUESTING PAGE: GET / with {} and HTTP headers {}
D, [2017-10-24T22:08:35.306923 #11012] DEBUG -- : REQUESTING PAGE: GET / with {} and HTTP headers {}
D, [2017-10-24T22:08:35.450931 #11012] DEBUG -- : REQUESTING PAGE: GET / with {} and HTTP headers {}
D, [2017-10-24T22:17:46.255436 #7288] DEBUG -- : REQUESTING PAGE: GET / with {} and HTTP headers {}
D, [2017-10-24T22:17:46.427445 #7288] DEBUG -- : REQUESTING PAGE: GET / with {} and HTTP headers {}
D, [2017-10-24T22:18:19.597343 #11880] DEBUG -- : REQUESTING PAGE: GET / with {} and HTTP headers {}
D, [2017-10-24T22:18:19.762352 #11880] DEBUG -- : REQUESTING PAGE: GET / with {} and HTTP headers {}
D, [2017-10-24T22:19:55.780844 #9372] DEBUG -- : REQUESTING PAGE: GET / with {} and HTTP headers {}
D, [2017-10-24T22:19:55.932853 #9372] DEBUG -- : REQUESTING PAGE: GET / with {} and HTTP headers {}
D, [2017-10-24T22:19:55.967855 #9372] DEBUG -- : REQUESTING PAGE: POST / with {"puntaje1"=>"0", "puntaje2"=>"0"} and HTTP headers {"HTTP_REFERER"=>"/"}
D, [2017-10-24T22:21:24.097895 #11756] DEBUG -- : REQUESTING PAGE: GET / with {} and HTTP headers {}
D, [2017-10-24T22:21:24.259905 #11756] DEBUG -- : REQUESTING PAGE: GET / with {} and HTTP headers {}
D, [2017-10-24T22:21:24.329909 #11756] DEBUG -- : REQUESTING PAGE: POST / with {"puntaje1"=>"0", "puntaje2"=>"0"} and HTTP headers {"HTTP_REFERER"=>"/"}
D, [2017-10-24T22:26:46.627343 #12492] DEBUG -- : REQUESTING PAGE: GET / with {} and HTTP headers {}
D, [2017-10-24T22:26:46.781352 #12492] DEBUG -- : REQUESTING PAGE: GET / with {} and HTTP headers {}
D, [2017-10-24T22:26:46.829355 #12492] DEBUG -- : REQUESTING PAGE: POST / with {"puntaje1"=>"0", "puntaje2"=>"0"} and HTTP headers {"HTTP_REFERER"=>"/"}
D, [2017-10-24T22:31:04.852113 #12180] DEBUG -- : REQUESTING PAGE: GET / with {} and HTTP headers {}
D, [2017-10-24T22:31:05.045124 #12180] DEBUG -- : REQUESTING PAGE: GET / with {} and HTTP headers {}
D, [2017-10-24T22:31:05.096127 #12180] DEBUG -- : REQUESTING PAGE: POST / with {"puntaje1"=>"0", "puntaje2"=>"0"} and HTTP headers {"HTTP_REFERER"=>"/"}
D, [2017-10-24T22:33:06.955097 #12764] DEBUG -- : REQUESTING PAGE: GET / with {} and HTTP headers {}
D, [2017-10-24T22:33:07.115106 #12764] DEBUG -- : REQUESTING PAGE: GET / with {} and HTTP headers {}
D, [2017-10-24T22:33:07.165109 #12764] DEBUG -- : REQUESTING PAGE: POST / with {"puntaje1"=>"0", "puntaje2"=>"0"} and HTTP headers {"HTTP_REFERER"=>"/"}
D, [2017-10-24T22:34:01.837236 #9688] DEBUG -- : REQUESTING PAGE: GET / with {} and HTTP headers {}
D, [2017-10-24T22:34:01.996245 #9688] DEBUG -- : REQUESTING PAGE: GET / with {} and HTTP headers {}
D, [2017-10-24T22:34:02.091250 #9688] DEBUG -- : REQUESTING PAGE: POST / with {"puntaje1"=>"0", "puntaje2"=>"0"} and HTTP headers {"HTTP_REFERER"=>"/"}
D, [2017-10-24T23:16:25.593730 #12088] DEBUG -- : REQUESTING PAGE: GET / with {} and HTTP headers {}
D, [2017-10-24T23:16:25.786741 #12088] DEBUG -- : REQUESTING PAGE: GET / with {} and HTTP headers {}
D, [2017-10-24T23:16:25.928749 #12088] DEBUG -- : REQUESTING PAGE: POST / with {"puntaje1"=>"0", "puntaje2"=>"0"} and HTTP headers {"HTTP_REFERER"=>"/"}
D, [2017-10-24T23:20:43.381475 #2932] DEBUG -- : REQUESTING PAGE: GET / with {} and HTTP headers {}
D, [2017-10-24T23:20:43.484481 #2932] DEBUG -- : REQUESTING PAGE: GET / with {} and HTTP headers {}
D, [2017-10-24T23:20:43.536484 #2932] DEBUG -- : REQUESTING PAGE: POST / with {"puntaje1"=>"0", "puntaje2"=>"0"} and HTTP headers {"HTTP_REFERER"=>"/"}
D, [2017-10-24T23:21:36.410508 #11776] DEBUG -- : REQUESTING PAGE: GET / with {} and HTTP headers {}
D, [2017-10-24T23:21:36.520514 #11776] DEBUG -- : REQUESTING PAGE: GET / with {} and HTTP headers {}
D, [2017-10-24T23:21:36.557516 #11776] DEBUG -- : REQUESTING PAGE: POST / with {"puntaje1"=>"0", "puntaje2"=>"0"} and HTTP headers {"HTTP_REFERER"=>"/"}
D, [2017-10-24T23:26:48.632366 #12996] DEBUG -- : REQUESTING PAGE: GET / with {} and HTTP headers {}
D, [2017-10-24T23:26:48.741372 #12996] DEBUG -- : REQUESTING PAGE: GET / with {} and HTTP headers {}
D, [2017-10-24T23:26:48.790375 #12996] DEBUG -- : REQUESTING PAGE: POST / with {"puntaje1"=>"0", "puntaje2"=>"0"} and HTTP headers {"HTTP_REFERER"=>"/"}
D, [2017-10-24T23:28:45.987078 #11008] DEBUG -- : REQUESTING PAGE: GET / with {} and HTTP headers {}
D, [2017-10-24T23:28:46.100085 #11008] DEBUG -- : REQUESTING PAGE: GET / with {} and HTTP headers {}
D, [2017-10-24T23:28:46.143087 #11008] DEBUG -- : REQUESTING PAGE: POST / with {"puntaje1"=>"0", "puntaje2"=>"0"} and HTTP headers {"HTTP_REFERER"=>"/"}
D, [2017-10-24T23:32:02.037292 #6240] DEBUG -- : REQUESTING PAGE: GET / with {} and HTTP headers {}
D, [2017-10-24T23:32:02.150298 #6240] DEBUG -- : REQUESTING PAGE: GET / with {} and HTTP headers {}
D, [2017-10-24T23:32:02.189300 #6240] DEBUG -- : REQUESTING PAGE: POST / with {"puntaje1"=>"0", "puntaje2"=>"0"} and HTTP headers {"HTTP_REFERER"=>"/"}
D, [2017-10-24T23:36:41.433272 #11836] DEBUG -- : REQUESTING PAGE: GET / with {} and HTTP headers {}
D, [2017-10-24T23:36:41.546279 #11836] DEBUG -- : REQUESTING PAGE: GET / with {} and HTTP headers {}
D, [2017-10-24T23:36:41.603282 #11836] DEBUG -- : REQUESTING PAGE: POST / with {"puntaje1"=>"0", "puntaje2"=>"0"} and HTTP headers {"HTTP_REFERER"=>"/"}
D, [2017-10-24T23:37:18.786409 #12516] DEBUG -- : REQUESTING PAGE: GET / with {} and HTTP headers {}
D, [2017-10-24T23:37:18.889415 #12516] DEBUG -- : REQUESTING PAGE: GET / with {} and HTTP headers {}
D, [2017-10-24T23:37:18.942418 #12516] DEBUG -- : REQUESTING PAGE: POST / with {"puntaje1"=>"0", "puntaje2"=>"0"} and HTTP headers {"HTTP_REFERER"=>"/"}
D, [2017-10-24T23:37:39.661603 #12312] DEBUG -- : REQUESTING PAGE: GET / with {} and HTTP headers {}
D, [2017-10-24T23:37:39.777609 #12312] DEBUG -- : REQUESTING PAGE: GET / with {} and HTTP headers {}
D, [2017-10-24T23:37:39.818612 #12312] DEBUG -- : REQUESTING PAGE: POST / with {"puntaje1"=>"0", "puntaje2"=>"0"} and HTTP headers {"HTTP_REFERER"=>"/"}
D, [2017-10-24T23:38:37.034884 #12300] DEBUG -- : REQUESTING PAGE: GET / with {} and HTTP headers {}
D, [2017-10-24T23:38:37.143891 #12300] DEBUG -- : REQUESTING PAGE: GET / with {} and HTTP headers {}
D, [2017-10-24T23:38:37.188893 #12300] DEBUG -- : REQUESTING PAGE: POST / with {"puntaje1"=>"0", "puntaje2"=>"0"} and HTTP headers {"HTTP_REFERER"=>"/"}
D, [2017-10-24T23:41:15.014920 #5372] DEBUG -- : REQUESTING PAGE: GET / with {} and HTTP headers {}
D, [2017-10-24T23:41:15.125927 #5372] DEBUG -- : REQUESTING PAGE: GET / with {} and HTTP headers {}
D, [2017-10-24T23:41:15.172929 #5372] DEBUG -- : REQUESTING PAGE: POST / with {"puntaje1"=>"0", "puntaje2"=>"0"} and HTTP headers {"HTTP_REFERER"=>"/"}
D, [2017-10-24T23:41:56.859314 #12184] DEBUG -- : REQUESTING PAGE: GET / with {} and HTTP headers {}
D, [2017-10-24T23:41:57.025323 #12184] DEBUG -- : REQUESTING PAGE: GET / with {} and HTTP headers {}
D, [2017-10-24T23:41:57.066325 #12184] DEBUG -- : REQUESTING PAGE: POST / with {"puntaje1"=>"0", "puntaje2"=>"0"} and HTTP headers {"HTTP_REFERER"=>"/"}
D, [2017-10-24T23:44:26.204856 #10176] DEBUG -- : REQUESTING PAGE: GET / with {} and HTTP headers {}
D, [2017-10-24T23:44:26.366865 #10176] DEBUG -- : REQUESTING PAGE: GET / with {} and HTTP headers {}
D, [2017-10-24T23:44:26.407867 #10176] DEBUG -- : REQUESTING PAGE: POST / with {"puntaje1"=>"0", "puntaje2"=>"0"} and HTTP headers {"HTTP_REFERER"=>"/"}
D, [2017-10-24T23:45:09.940357 #8972] DEBUG -- : REQUESTING PAGE: GET / with {} and HTTP headers {}
D, [2017-10-24T23:45:10.068365 #8972] DEBUG -- : REQUESTING PAGE: GET / with {} and HTTP headers {}
D, [2017-10-24T23:45:10.197372 #8972] DEBUG -- : REQUESTING PAGE: POST / with {"puntaje1"=>"0", "puntaje2"=>"0"} and HTTP headers {"HTTP_REFERER"=>"/"}
D, [2017-10-24T23:50:07.201360 #12244] DEBUG -- : REQUESTING PAGE: GET / with {} and HTTP headers {}
D, [2017-10-24T23:50:07.330367 #12244] DEBUG -- : REQUESTING PAGE: GET / with {} and HTTP headers {}
D, [2017-10-24T23:50:07.453374 #12244] DEBUG -- : REQUESTING PAGE: POST / with {"puntaje1"=>"0", "puntaje2"=>"0"} and HTTP headers {"HTTP_REFERER"=>"/"}
D, [2017-10-24T23:50:45.985578 #6472] DEBUG -- : REQUESTING PAGE: GET / with {} and HTTP headers {}
D, [2017-10-24T23:50:46.129586 #6472] DEBUG -- : REQUESTING PAGE: GET / with {} and HTTP headers {}
D, [2017-10-24T23:50:46.173589 #6472] DEBUG -- : REQUESTING PAGE: POST / with {"puntaje1"=>"0", "puntaje2"=>"0"} and HTTP headers {"HTTP_REFERER"=>"/"}
D, [2017-10-24T23:53:16.361179 #12640] DEBUG -- : REQUESTING PAGE: GET / with {} and HTTP headers {}
D, [2017-10-24T23:53:16.716199 #12640] DEBUG -- : REQUESTING PAGE: GET / with {} and HTTP headers {}
D, [2017-10-24T23:53:16.844207 #12640] DEBUG -- : REQUESTING PAGE: POST / with {"puntaje1"=>"0", "puntaje2"=>"0"} and HTTP headers {"HTTP_REFERER"=>"/"}
D, [2017-10-24T23:53:53.284291 #11232] DEBUG -- : REQUESTING PAGE: GET / with {} and HTTP headers {}
D, [2017-10-24T23:53:53.577308 #11232] DEBUG -- : REQUESTING PAGE: GET / with {} and HTTP headers {}
D, [2017-10-24T23:53:53.624310 #11232] DEBUG -- : REQUESTING PAGE: POST / with {"puntaje1"=>"0", "puntaje2"=>"0"} and HTTP headers {"HTTP_REFERER"=>"/"}
D, [2017-10-25T00:06:27.893452 #11952] DEBUG -- : REQUESTING PAGE: GET / with {} and HTTP headers {}
D, [2017-10-25T00:06:28.339477 #11952] DEBUG -- : REQUESTING PAGE: GET / with {} and HTTP headers {}
D, [2017-10-25T00:06:28.395481 #11952] DEBUG -- : REQUESTING PAGE: PUT / with {"puntaje1"=>"0", "puntaje2"=>"0"} and HTTP headers {"HTTP_REFERER"=>"/"}
D, [2017-10-25T00:06:47.863594 #10040] DEBUG -- : REQUESTING PAGE: GET / with {} and HTTP headers {}
D, [2017-10-25T00:06:48.020603 #10040] DEBUG -- : REQUESTING PAGE: GET / with {} and HTTP headers {}
D, [2017-10-25T00:06:48.081607 #10040] DEBUG -- : REQUESTING PAGE: PUT / with {"puntaje1"=>"0", "puntaje2"=>"0"} and HTTP headers {"HTTP_REFERER"=>"/"}
D, [2017-10-25T00:10:04.779857 #8356] DEBUG -- : REQUESTING PAGE: GET / with {} and HTTP headers {}
D, [2017-10-25T00:10:04.920865 #8356] DEBUG -- : REQUESTING PAGE: GET / with {} and HTTP headers {}
D, [2017-10-25T00:10:05.037872 #8356] DEBUG -- : REQUESTING PAGE: PUT / with {"puntaje1"=>"0", "puntaje2"=>"0"} and HTTP headers {"HTTP_REFERER"=>"/"}
D, [2017-10-25T00:15:01.291817 #5516] DEBUG -- : REQUESTING PAGE: GET / with {} and HTTP headers {}
D, [2017-10-25T00:15:01.430825 #5516] DEBUG -- : REQUESTING PAGE: GET / with {} and HTTP headers {}
D, [2017-10-25T00:15:01.469827 #5516] DEBUG -- : REQUESTING PAGE: PUT / with {"puntaje1"=>"0", "puntaje2"=>"0"} and HTTP headers {"HTTP_REFERER"=>"/"}
D, [2017-10-25T00:15:47.050434 #12020] DEBUG -- : REQUESTING PAGE: GET / with {} and HTTP headers {}
D, [2017-10-25T00:15:47.180441 #12020] DEBUG -- : REQUESTING PAGE: GET / with {} and HTTP headers {}
D, [2017-10-25T00:15:47.224444 #12020] DEBUG -- : REQUESTING PAGE: PUT / with {"puntaje1"=>"0", "puntaje2"=>"0"} and HTTP headers {"HTTP_REFERER"=>"/"}
D, [2017-10-25T00:20:32.463759 #8784] DEBUG -- : REQUESTING PAGE: GET / with {} and HTTP headers {}
D, [2017-10-25T00:20:32.646769 #8784] DEBUG -- : REQUESTING PAGE: GET / with {} and HTTP headers {}
D, [2017-10-25T00:20:32.687771 #8784] DEBUG -- : REQUESTING PAGE: PUT / with {"puntaje1"=>"0", "puntaje2"=>"0"} and HTTP headers {"HTTP_REFERER"=>"/"}
D, [2017-10-25T00:21:52.856357 #10116] DEBUG -- : REQUESTING PAGE: GET / with {} and HTTP headers {}
D, [2017-10-25T00:21:52.985364 #10116] DEBUG -- : REQUESTING PAGE: GET / with {} and HTTP headers {}
D, [2017-10-25T00:21:53.028367 #10116] DEBUG -- : REQUESTING PAGE: PUT / with {"puntaje1"=>"0", "puntaje2"=>"0"} and HTTP headers {"HTTP_REFERER"=>"/"}
D, [2017-10-25T00:22:11.489423 #12096] DEBUG -- : REQUESTING PAGE: GET / with {} and HTTP headers {}
D, [2017-10-25T00:22:11.617430 #12096] DEBUG -- : REQUESTING PAGE: GET / with {} and HTTP headers {}
D, [2017-10-25T00:22:11.664433 #12096] DEBUG -- : REQUESTING PAGE: PUT / with {"puntaje1"=>"0", "puntaje2"=>"0"} and HTTP headers {"HTTP_REFERER"=>"/"}
D, [2017-10-25T00:23:54.712327 #5088] DEBUG -- : REQUESTING PAGE: GET / with {} and HTTP headers {}
D, [2017-10-25T00:23:54.857335 #5088] DEBUG -- : REQUESTING PAGE: GET / with {} and HTTP headers {}
D, [2017-10-25T00:23:54.896337 #5088] DEBUG -- : REQUESTING PAGE: PUT / with {"puntaje1"=>"0", "puntaje2"=>"0"} and HTTP headers {"HTTP_REFERER"=>"/"}
D, [2017-10-25T00:26:09.316025 #9408] DEBUG -- : REQUESTING PAGE: GET / with {} and HTTP headers {}
D, [2017-10-25T00:26:09.566040 #9408] DEBUG -- : REQUESTING PAGE: GET / with {} and HTTP headers {}
D, [2017-10-25T00:26:38.638703 #8072] DEBUG -- : REQUESTING PAGE: GET / with {} and HTTP headers {}
D, [2017-10-25T00:26:38.770710 #8072] DEBUG -- : REQUESTING PAGE: GET / with {} and HTTP headers {}
D, [2017-10-25T00:26:38.811713 #8072] DEBUG -- : REQUESTING PAGE: PUT / with {"puntaje1"=>"0", "puntaje2"=>"0"} and HTTP headers {"HTTP_REFERER"=>"/"}
D, [2017-10-25T00:26:58.190821 #5516] DEBUG -- : REQUESTING PAGE: GET / with {} and HTTP headers {}
D, [2017-10-25T00:26:58.315828 #5516] DEBUG -- : REQUESTING PAGE: GET / with {} and HTTP headers {}
D, [2017-10-25T00:26:58.356830 #5516] DEBUG -- : REQUESTING PAGE: POST / with {"puntaje1"=>"0", "puntaje2"=>"0"} and HTTP headers {"HTTP_REFERER"=>"/"}
D, [2017-10-25T00:27:13.979724 #5132] DEBUG -- : REQUESTING PAGE: GET / with {} and HTTP headers {}
D, [2017-10-25T00:27:14.118732 #5132] DEBUG -- : REQUESTING PAGE: GET / with {} and HTTP headers {}
D, [2017-10-25T00:27:14.163735 #5132] DEBUG -- : REQUESTING PAGE: POST / with {"puntaje1"=>"0", "puntaje2"=>"0"} and HTTP headers {"HTTP_REFERER"=>"/"}
D, [2017-10-25T00:28:17.983385 #11488] DEBUG -- : REQUESTING PAGE: GET / with {} and HTTP headers {}
D, [2017-10-25T00:28:18.121393 #11488] DEBUG -- : REQUESTING PAGE: GET / with {} and HTTP headers {}
D, [2017-10-25T00:28:18.166395 #11488] DEBUG -- : REQUESTING PAGE: POST / with {"puntaje1"=>"0", "puntaje2"=>"0"} and HTTP headers {"HTTP_REFERER"=>"/"}
D, [2017-10-25T00:28:32.282203 #11356] DEBUG -- : REQUESTING PAGE: GET / with {} and HTTP headers {}
D, [2017-10-25T00:28:32.448212 #11356] DEBUG -- : REQUESTING PAGE: GET / with {} and HTTP headers {}
D, [2017-10-25T00:28:32.498215 #11356] DEBUG -- : REQUESTING PAGE: POST / with {"puntaje1"=>"0", "puntaje2"=>"0"} and HTTP headers {"HTTP_REFERER"=>"/"}
D, [2017-10-25T00:28:41.681740 #7504] DEBUG -- : REQUESTING PAGE: GET / with {} and HTTP headers {}
D, [2017-10-25T00:28:41.813748 #7504] DEBUG -- : REQUESTING PAGE: GET / with {} and HTTP headers {}
D, [2017-10-25T00:28:41.853750 #7504] DEBUG -- : REQUESTING PAGE: POST / with {"puntaje1"=>"0", "puntaje2"=>"0"} and HTTP headers {"HTTP_REFERER"=>"/"}
D, [2017-10-25T00:29:13.159541 #9176] DEBUG -- : REQUESTING PAGE: GET / with {} and HTTP headers {}
D, [2017-10-25T00:29:13.348552 #9176] DEBUG -- : REQUESTING PAGE: GET / with {} and HTTP headers {}
D, [2017-10-25T00:29:13.403555 #9176] DEBUG -- : REQUESTING PAGE: POST / with {"puntaje1"=>"0", "puntaje2"=>"0"} and HTTP headers {"HTTP_REFERER"=>"/"}
D, [2017-10-25T00:31:41.159006 #5364] DEBUG -- : REQUESTING PAGE: GET / with {} and HTTP headers {}
D, [2017-10-25T00:31:41.298014 #5364] DEBUG -- : REQUESTING PAGE: GET / with {} and HTTP headers {}
D, [2017-10-25T00:31:41.343016 #5364] DEBUG -- : REQUESTING PAGE: PATCH / with {"puntaje1"=>"0", "puntaje2"=>"0"} and HTTP headers {"HTTP_REFERER"=>"/"}
D, [2017-10-25T00:40:41.926936 #9508] DEBUG -- : REQUESTING PAGE: GET / with {} and HTTP headers {}
D, [2017-10-25T00:40:42.060944 #9508] DEBUG -- : REQUESTING PAGE: GET / with {} and HTTP headers {}
D, [2017-10-25T00:40:42.109946 #9508] DEBUG -- : REQUESTING PAGE: POST / with {"puntaje1"=>"0", "puntaje2"=>"0"} and HTTP headers {"HTTP_REFERER"=>"/"}
D, [2017-10-25T00:43:30.453575 #7356] DEBUG -- : REQUESTING PAGE: GET / with {} and HTTP headers {}
D, [2017-10-25T00:43:30.603584 #7356] DEBUG -- : REQUESTING PAGE: GET / with {} and HTTP headers {}
D, [2017-10-25T00:43:30.654587 #7356] DEBUG -- : REQUESTING PAGE: POST / with {"puntaje1"=>"0", "puntaje2"=>"0"} and HTTP headers {"HTTP_REFERER"=>"/"}
D, [2017-10-25T00:48:21.113200 #11536] DEBUG -- : REQUESTING PAGE: GET / with {} and HTTP headers {}
D, [2017-10-25T00:48:21.251208 #11536] DEBUG -- : REQUESTING PAGE: GET / with {} and HTTP headers {}
D, [2017-10-25T00:48:21.295210 #11536] DEBUG -- : REQUESTING PAGE: POST / with {"puntaje1"=>"0", "puntaje2"=>"0"} and HTTP headers {"HTTP_REFERER"=>"/"}
D, [2017-10-25T00:48:37.623144 #9924] DEBUG -- : REQUESTING PAGE: GET / with {} and HTTP headers {}
D, [2017-10-25T00:48:37.777153 #9924] DEBUG -- : REQUESTING PAGE: GET / with {} and HTTP headers {}
D, [2017-10-25T00:48:37.818155 #9924] DEBUG -- : REQUESTING PAGE: POST / with {"puntaje1"=>"0", "puntaje2"=>"0"} and HTTP headers {"HTTP_REFERER"=>"/"}
D, [2017-10-25T00:50:06.561231 #12732] DEBUG -- : REQUESTING PAGE: GET / with {} and HTTP headers {}
D, [2017-10-25T00:50:06.690239 #12732] DEBUG -- : REQUESTING PAGE: GET / with {} and HTTP headers {}
D, [2017-10-25T00:50:06.736241 #12732] DEBUG -- : REQUESTING PAGE: POST / with {"puntaje1"=>"0", "puntaje2"=>"0"} and HTTP headers {"HTTP_REFERER"=>"/"}
D, [2017-10-25T00:50:57.645153 #11908] DEBUG -- : REQUESTING PAGE: GET / with {} and HTTP headers {}
D, [2017-10-25T00:50:57.846165 #11908] DEBUG -- : REQUESTING PAGE: GET / with {} and HTTP headers {}
D, [2017-10-25T21:32:44.429075 #6260] DEBUG -- : REQUESTING PAGE: GET / with {} and HTTP headers {}
D, [2017-10-25T21:32:44.700091 #6260] DEBUG -- : REQUESTING PAGE: GET / with {} and HTTP headers {}
D, [2017-10-25T21:32:44.780095 #6260] DEBUG -- : REQUESTING PAGE: POST /partida with {} and HTTP headers {"HTTP_REFERER"=>"/"}
D, [2017-10-25T22:00:46.123263 #7220] DEBUG -- : REQUESTING PAGE: GET / with {} and HTTP headers {}
D, [2017-10-25T22:00:46.320274 #7220] DEBUG -- : REQUESTING PAGE: GET / with {} and HTTP headers {}
D, [2017-10-25T22:00:46.341275 #7220] DEBUG -- : REQUESTING PAGE: POST /partida with {} and HTTP headers {"HTTP_REFERER"=>"/"}
D, [2017-10-25T22:02:01.365566 #6536] DEBUG -- : REQUESTING PAGE: GET / with {} and HTTP headers {}
D, [2017-10-25T22:02:01.526575 #6536] DEBUG -- : REQUESTING PAGE: GET / with {} and HTTP headers {}
D, [2017-10-25T22:02:01.568578 #6536] DEBUG -- : REQUESTING PAGE: POST /partida with {} and HTTP headers {"HTTP_REFERER"=>"/"}
D, [2017-10-25T22:02:20.069636 #7128] DEBUG -- : REQUESTING PAGE: GET / with {} and HTTP headers {}
D, [2017-10-25T22:02:20.232645 #7128] DEBUG -- : REQUESTING PAGE: GET / with {} and HTTP headers {}
D, [2017-10-25T22:02:20.257647 #7128] DEBUG -- : REQUESTING PAGE: POST /partida with {} and HTTP headers {"HTTP_REFERER"=>"/"}
D, [2017-10-25T22:03:06.757306 #6276] DEBUG -- : REQUESTING PAGE: GET / with {} and HTTP headers {}
D, [2017-10-25T22:03:06.924316 #6276] DEBUG -- : REQUESTING PAGE: GET / with {} and HTTP headers {}
D, [2017-10-25T22:03:06.952318 #6276] DEBUG -- : REQUESTING PAGE: POST /partida with {} and HTTP headers {"HTTP_REFERER"=>"/"}
D, [2017-10-25T22:03:06.995320 #6276] DEBUG -- : REQUESTING PAGE: GET /partida with {} and HTTP headers {}
D, [2017-10-25T22:03:07.019321 #6276] DEBUG -- : REQUESTING PAGE: POST /puntoParaJugador1 with {"puntaje1"=>""} and HTTP headers {"HTTP_REFERER"=>"/partida"}
D, [2017-10-25T22:03:07.051323 #6276] DEBUG -- : REQUESTING PAGE: GET /partida with {} and HTTP headers {}
D, [2017-10-25T22:03:07.078325 #6276] DEBUG -- : REQUESTING PAGE: POST /puntoParaJugador2 with {"puntaje2"=>""} and HTTP headers {"HTTP_REFERER"=>"/partida"}
D, [2017-10-25T22:03:38.185104 #4368] DEBUG -- : REQUESTING PAGE: GET / with {} and HTTP headers {}
D, [2017-10-25T22:03:38.378115 #4368] DEBUG -- : REQUESTING PAGE: GET / with {} and HTTP headers {}
D, [2017-10-25T22:03:38.418117 #4368] DEBUG -- : REQUESTING PAGE: POST /partida with {} and HTTP headers {"HTTP_REFERER"=>"/"}
D, [2017-10-25T22:03:38.473121 #4368] DEBUG -- : REQUESTING PAGE: GET /partida with {} and HTTP headers {}
D, [2017-10-25T22:03:38.525123 #4368] DEBUG -- : REQUESTING PAGE: POST /puntoParaJugador1 with {"puntaje1"=>""} and HTTP headers {"HTTP_REFERER"=>"/partida"}
D, [2017-10-25T22:03:38.555125 #4368] DEBUG -- : REQUESTING PAGE: GET /partida with {} and HTTP headers {}
D, [2017-10-25T22:03:38.579127 #4368] DEBUG -- : REQUESTING PAGE: POST /puntoParaJugador2 with {"puntaje2"=>""} and HTTP headers {"HTTP_REFERER"=>"/partida"}
D, [2017-10-25T22:22:24.704537 #9120] DEBUG -- : REQUESTING PAGE: GET / with {} and HTTP headers {}
D, [2017-10-25T22:22:24.853546 #9120] DEBUG -- : REQUESTING PAGE: GET / with {} and HTTP headers {}
D, [2017-10-25T22:22:24.879547 #9120] DEBUG -- : REQUESTING PAGE: POST /partida with {} and HTTP headers {"HTTP_REFERER"=>"/"}
D, [2017-10-25T22:22:24.918549 #9120] DEBUG -- : REQUESTING PAGE: GET /partida with {} and HTTP headers {}
D, [2017-10-25T22:22:24.939551 #9120] DEBUG -- : REQUESTING PAGE: POST /puntoParaJugador1 with {} and HTTP headers {"HTTP_REFERER"=>"/partida"}
D, [2017-10-25T22:22:24.966552 #9120] DEBUG -- : REQUESTING PAGE: GET /partida with {} and HTTP headers {}
D, [2017-10-25T22:22:24.986553 #9120] DEBUG -- : REQUESTING PAGE: POST /puntoParaJugador2 with {} and HTTP headers {"HTTP_REFERER"=>"/partida"}
D, [2017-10-25T22:25:13.506192 #8736] DEBUG -- : REQUESTING PAGE: GET / with {} and HTTP headers {}
D, [2017-10-25T22:25:13.644200 #8736] DEBUG -- : REQUESTING PAGE: GET / with {} and HTTP headers {}
D, [2017-10-25T22:25:13.667201 #8736] DEBUG -- : REQUESTING PAGE: POST /partida with {} and HTTP headers {"HTTP_REFERER"=>"/"}
D, [2017-10-25T22:25:13.717204 #8736] DEBUG -- : REQUESTING PAGE: GET /partida with {} and HTTP headers {}
D, [2017-10-25T22:25:13.736205 #8736] DEBUG -- : REQUESTING PAGE: POST /puntoParaJugador1 with {} and HTTP headers {"HTTP_REFERER"=>"/partida"}
D, [2017-10-25T22:25:13.775208 #8736] DEBUG -- : REQUESTING PAGE: GET /partida with {} and HTTP headers {}
D, [2017-10-25T22:25:13.799209 #8736] DEBUG -- : REQUESTING PAGE: POST /puntoParaJugador2 with {} and HTTP headers {"HTTP_REFERER"=>"/partida"}
D, [2017-10-25T22:25:34.161374 #5828] DEBUG -- : REQUESTING PAGE: GET / with {} and HTTP headers {}
D, [2017-10-25T22:25:34.303382 #5828] DEBUG -- : REQUESTING PAGE: GET / with {} and HTTP headers {}
D, [2017-10-25T22:25:34.332383 #5828] DEBUG -- : REQUESTING PAGE: POST /partida with {} and HTTP headers {"HTTP_REFERER"=>"/"}
D, [2017-10-25T22:25:34.372386 #5828] DEBUG -- : REQUESTING PAGE: GET /partida with {} and HTTP headers {}
D, [2017-10-25T22:25:34.394387 #5828] DEBUG -- : REQUESTING PAGE: POST /puntoParaJugador1 with {} and HTTP headers {"HTTP_REFERER"=>"/partida"}
D, [2017-10-25T22:25:34.536395 #5828] DEBUG -- : REQUESTING PAGE: GET /partida with {} and HTTP headers {}
D, [2017-10-25T22:25:34.561396 #5828] DEBUG -- : REQUESTING PAGE: POST /puntoParaJugador2 with {} and HTTP headers {"HTTP_REFERER"=>"/partida"}
D, [2017-10-25T22:27:47.544003 #3120] DEBUG -- : REQUESTING PAGE: GET / with {} and HTTP headers {}
D, [2017-10-25T22:27:47.686011 #3120] DEBUG -- : REQUESTING PAGE: GET / with {} and HTTP headers {}
D, [2017-10-25T22:27:47.713012 #3120] DEBUG -- : REQUESTING PAGE: POST /partida with {} and HTTP headers {"HTTP_REFERER"=>"/"}
D, [2017-10-25T22:27:47.748014 #3120] DEBUG -- : REQUESTING PAGE: GET /partida with {} and HTTP headers {}
D, [2017-10-25T22:27:47.901023 #3120] DEBUG -- : REQUESTING PAGE: GET /partida with {} and HTTP headers {}
D, [2017-10-25T22:29:03.761362 #8780] DEBUG -- : REQUESTING PAGE: GET / with {} and HTTP headers {}
D, [2017-10-25T22:29:03.995375 #8780] DEBUG -- : REQUESTING PAGE: GET / with {} and HTTP headers {}
D, [2017-10-25T22:29:04.074380 #8780] DEBUG -- : REQUESTING PAGE: POST /partida with {} and HTTP headers {"HTTP_REFERER"=>"/"}
D, [2017-10-25T22:29:04.143384 #8780] DEBUG -- : REQUESTING PAGE: GET /partida with {} and HTTP headers {}
D, [2017-10-25T22:29:04.328394 #8780] DEBUG -- : REQUESTING PAGE: GET /partida with {} and HTTP headers {}
D, [2017-10-25T22:30:48.219337 #8196] DEBUG -- : REQUESTING PAGE: GET / with {} and HTTP headers {}
D, [2017-10-25T22:30:48.352344 #8196] DEBUG -- : REQUESTING PAGE: GET / with {} and HTTP headers {}
D, [2017-10-25T22:30:48.372345 #8196] DEBUG -- : REQUESTING PAGE: POST /partida with {} and HTTP headers {"HTTP_REFERER"=>"/"}
D, [2017-10-25T22:30:48.405347 #8196] DEBUG -- : REQUESTING PAGE: GET / with {} and HTTP headers {}
D, [2017-10-25T22:30:48.424348 #8196] DEBUG -- : REQUESTING PAGE: POST /partida with {} and HTTP headers {"HTTP_REFERER"=>"/"}
D, [2017-10-25T22:30:48.435349 #8196] DEBUG -- : REQUESTING PAGE: GET /partida with {} and HTTP headers {"HTTP_REFERER"=>"/partida"}
D, [2017-10-25T22:30:48.446350 #8196] DEBUG -- : REQUESTING PAGE: POST /puntoParaJugador1 with {} and HTTP headers {"HTTP_REFERER"=>"/partida"}
D, [2017-10-25T22:30:48.472351 #8196] DEBUG -- : REQUESTING PAGE: GET / with {} and HTTP headers {}
D, [2017-10-25T22:30:48.489352 #8196] DEBUG -- : REQUESTING PAGE: POST /partida with {} and HTTP headers {"HTTP_REFERER"=>"/"}
D, [2017-10-25T22:30:48.503353 #8196] DEBUG -- : REQUESTING PAGE: GET /partida with {} and HTTP headers {"HTTP_REFERER"=>"/partida"}
D, [2017-10-25T22:30:48.516354 #8196] DEBUG -- : REQUESTING PAGE: POST /puntoParaJugador2 with {} and HTTP headers {"HTTP_REFERER"=>"/partida"}
D, [2017-10-25T22:31:15.332887 #9156] DEBUG -- : REQUESTING PAGE: GET / with {} and HTTP headers {}
D, [2017-10-25T22:31:15.475896 #9156] DEBUG -- : REQUESTING PAGE: GET / with {} and HTTP headers {}
D, [2017-10-25T22:31:15.504897 #9156] DEBUG -- : REQUESTING PAGE: POST /partida with {} and HTTP headers {"HTTP_REFERER"=>"/"}
D, [2017-10-25T22:31:15.546900 #9156] DEBUG -- : REQUESTING PAGE: GET / with {} and HTTP headers {}
D, [2017-10-25T22:31:15.567901 #9156] DEBUG -- : REQUESTING PAGE: POST /partida with {} and HTTP headers {"HTTP_REFERER"=>"/"}
D, [2017-10-25T22:31:15.581902 #9156] DEBUG -- : REQUESTING PAGE: GET /partida with {} and HTTP headers {"HTTP_REFERER"=>"/partida"}
D, [2017-10-25T22:31:15.594902 #9156] DEBUG -- : REQUESTING PAGE: POST /puntoParaJugador1 with {} and HTTP headers {"HTTP_REFERER"=>"/partida"}
D, [2017-10-25T22:31:15.618904 #9156] DEBUG -- : REQUESTING PAGE: GET / with {} and HTTP headers {}
D, [2017-10-25T22:31:15.641905 #9156] DEBUG -- : REQUESTING PAGE: POST /partida with {} and HTTP headers {"HTTP_REFERER"=>"/"}
D, [2017-10-25T22:31:15.655906 #9156] DEBUG -- : REQUESTING PAGE: GET /partida with {} and HTTP headers {"HTTP_REFERER"=>"/partida"}
D, [2017-10-25T22:31:15.670907 #9156] DEBUG -- : REQUESTING PAGE: POST /puntoParaJugador2 with {} and HTTP headers {"HTTP_REFERER"=>"/partida"}
D, [2017-10-25T22:31:58.556360 #8084] DEBUG -- : REQUESTING PAGE: GET / with {} and HTTP headers {}
D, [2017-10-25T22:31:58.689367 #8084] DEBUG -- : REQUESTING PAGE: GET / with {} and HTTP headers {}
D, [2017-10-25T22:31:58.712369 #8084] DEBUG -- : REQUESTING PAGE: POST /partida with {} and HTTP headers {"HTTP_REFERER"=>"/"}
D, [2017-10-25T22:31:58.741370 #8084] DEBUG -- : REQUESTING PAGE: GET / with {} and HTTP headers {}
D, [2017-10-25T22:31:58.760371 #8084] DEBUG -- : REQUESTING PAGE: POST /partida with {} and HTTP headers {"HTTP_REFERER"=>"/"}
D, [2017-10-25T22:31:58.774372 #8084] DEBUG -- : REQUESTING PAGE: GET /partida with {} and HTTP headers {"HTTP_REFERER"=>"/partida"}
D, [2017-10-25T22:31:58.786373 #8084] DEBUG -- : REQUESTING PAGE: POST /puntoParaJugador1 with {} and HTTP headers {"HTTP_REFERER"=>"/partida"}
D, [2017-10-25T22:31:58.810374 #8084] DEBUG -- : REQUESTING PAGE: GET / with {} and HTTP headers {}
D, [2017-10-25T22:31:58.836376 #8084] DEBUG -- : REQUESTING PAGE: POST /partida with {} and HTTP headers {"HTTP_REFERER"=>"/"}
D, [2017-10-25T22:31:58.847376 #8084] DEBUG -- : REQUESTING PAGE: GET /partida with {} and HTTP headers {"HTTP_REFERER"=>"/partida"}
D, [2017-10-25T22:31:58.859377 #8084] DEBUG -- : REQUESTING PAGE: POST /puntoParaJugador2 with {} and HTTP headers {"HTTP_REFERER"=>"/partida"}
D, [2017-10-25T22:34:27.254865 #7268] DEBUG -- : REQUESTING PAGE: GET / with {} and HTTP headers {}
D, [2017-10-25T22:34:27.392873 #7268] DEBUG -- : REQUESTING PAGE: GET / with {} and HTTP headers {}
D, [2017-10-25T22:34:27.412874 #7268] DEBUG -- : REQUESTING PAGE: POST /partida with {} and HTTP headers {"HTTP_REFERER"=>"/"}
D, [2017-10-25T22:34:27.447876 #7268] DEBUG -- : REQUESTING PAGE: GET / with {} and HTTP headers {}
D, [2017-10-25T22:34:27.464877 #7268] DEBUG -- : REQUESTING PAGE: POST /partida with {} and HTTP headers {"HTTP_REFERER"=>"/"}
D, [2017-10-25T22:34:27.479878 #7268] DEBUG -- : REQUESTING PAGE: GET /partida with {} and HTTP headers {"HTTP_REFERER"=>"/partida"}
D, [2017-10-25T22:34:27.490878 #7268] DEBUG -- : REQUESTING PAGE: POST /partida with {} and HTTP headers {"HTTP_REFERER"=>"/partida"}
D, [2017-10-25T22:34:27.607885 #7268] DEBUG -- : REQUESTING PAGE: GET / with {} and HTTP headers {}
D, [2017-10-25T22:34:27.627886 #7268] DEBUG -- : REQUESTING PAGE: POST /partida with {} and HTTP headers {"HTTP_REFERER"=>"/"}
D, [2017-10-25T22:34:27.639887 #7268] DEBUG -- : REQUESTING PAGE: GET /partida with {} and HTTP headers {"HTTP_REFERER"=>"/partida"}
D, [2017-10-25T22:34:27.651887 #7268] DEBUG -- : REQUESTING PAGE: POST /partida with {} and HTTP headers {"HTTP_REFERER"=>"/partida"}
D, [2017-10-25T22:37:45.126182 #7812] DEBUG -- : REQUESTING PAGE: GET / with {} and HTTP headers {}
D, [2017-10-25T22:37:45.264190 #7812] DEBUG -- : REQUESTING PAGE: GET / with {} and HTTP headers {}
D, [2017-10-25T22:37:45.297192 #7812] DEBUG -- : REQUESTING PAGE: POST /partida with {} and HTTP headers {"HTTP_REFERER"=>"/"}
D, [2017-10-25T22:37:45.334194 #7812] DEBUG -- : REQUESTING PAGE: GET / with {} and HTTP headers {}
D, [2017-10-25T22:37:45.358196 #7812] DEBUG -- : REQUESTING PAGE: POST /partida with {} and HTTP headers {"HTTP_REFERER"=>"/"}
D, [2017-10-25T22:37:45.371196 #7812] DEBUG -- : REQUESTING PAGE: GET /partida with {} and HTTP headers {"HTTP_REFERER"=>"/partida"}
D, [2017-10-25T22:37:45.386197 #7812] DEBUG -- : REQUESTING PAGE: POST /partida with {} and HTTP headers {"HTTP_REFERER"=>"/partida"}
D, [2017-10-25T22:37:45.510204 #7812] DEBUG -- : REQUESTING PAGE: GET / with {} and HTTP headers {}
D, [2017-10-25T22:37:45.532206 #7812] DEBUG -- : REQUESTING PAGE: POST /partida with {} and HTTP headers {"HTTP_REFERER"=>"/"}
D, [2017-10-25T22:37:45.544206 #7812] DEBUG -- : REQUESTING PAGE: GET /partida with {} and HTTP headers {"HTTP_REFERER"=>"/partida"}
D, [2017-10-25T22:37:45.557207 #7812] DEBUG -- : REQUESTING PAGE: POST /partida with {} and HTTP headers {"HTTP_REFERER"=>"/partida"}
D, [2017-10-25T22:38:27.723619 #7444] DEBUG -- : REQUESTING PAGE: GET / with {} and HTTP headers {}
D, [2017-10-25T22:38:27.916630 #7444] DEBUG -- : REQUESTING PAGE: GET / with {} and HTTP headers {}
D, [2017-10-25T22:38:27.949632 #7444] DEBUG -- : REQUESTING PAGE: POST /partida with {} and HTTP headers {"HTTP_REFERER"=>"/"}
D, [2017-10-25T22:38:27.988634 #7444] DEBUG -- : REQUESTING PAGE: GET / with {} and HTTP headers {}
D, [2017-10-25T22:38:28.009635 #7444] DEBUG -- : REQUESTING PAGE: POST /partida with {} and HTTP headers {"HTTP_REFERER"=>"/"}
D, [2017-10-25T22:38:28.022636 #7444] DEBUG -- : REQUESTING PAGE: GET /partida with {} and HTTP headers {"HTTP_REFERER"=>"/partida"}
D, [2017-10-25T22:38:28.036637 #7444] DEBUG -- : REQUESTING PAGE: POST /partida with {} and HTTP headers {"HTTP_REFERER"=>"/partida"}
D, [2017-10-25T22:38:28.161644 #7444] DEBUG -- : REQUESTING PAGE: GET / with {} and HTTP headers {}
D, [2017-10-25T22:38:28.183645 #7444] DEBUG -- : REQUESTING PAGE: POST /partida with {} and HTTP headers {"HTTP_REFERER"=>"/"}
D, [2017-10-25T22:38:28.195646 #7444] DEBUG -- : REQUESTING PAGE: GET /partida with {} and HTTP headers {"HTTP_REFERER"=>"/partida"}
D, [2017-10-25T22:38:28.208647 #7444] DEBUG -- : REQUESTING PAGE: POST /partida with {} and HTTP headers {"HTTP_REFERER"=>"/partida"}
D, [2017-10-25T22:39:06.980864 #8992] DEBUG -- : REQUESTING PAGE: GET / with {} and HTTP headers {}
D, [2017-10-25T22:39:07.127873 #8992] DEBUG -- : REQUESTING PAGE: GET / with {} and HTTP headers {}
D, [2017-10-25T22:39:07.147874 #8992] DEBUG -- : REQUESTING PAGE: POST /partida with {} and HTTP headers {"HTTP_REFERER"=>"/"}
D, [2017-10-25T22:39:07.181876 #8992] DEBUG -- : REQUESTING PAGE: GET / with {} and HTTP headers {}
D, [2017-10-25T22:39:07.201877 #8992] DEBUG -- : REQUESTING PAGE: POST /partida with {} and HTTP headers {"HTTP_REFERER"=>"/"}
D, [2017-10-25T22:39:07.214878 #8992] DEBUG -- : REQUESTING PAGE: GET /partida with {} and HTTP headers {"HTTP_REFERER"=>"/partida"}
D, [2017-10-25T22:39:07.227878 #8992] DEBUG -- : REQUESTING PAGE: POST /partida with {} and HTTP headers {"HTTP_REFERER"=>"/partida"}
D, [2017-10-25T22:39:07.342885 #8992] DEBUG -- : REQUESTING PAGE: GET / with {} and HTTP headers {}
D, [2017-10-25T22:39:07.363886 #8992] DEBUG -- : REQUESTING PAGE: POST /partida with {} and HTTP headers {"HTTP_REFERER"=>"/"}
D, [2017-10-25T22:39:07.377887 #8992] DEBUG -- : REQUESTING PAGE: GET /partida with {} and HTTP headers {"HTTP_REFERER"=>"/partida"}
D, [2017-10-25T22:39:07.390888 #8992] DEBUG -- : REQUESTING PAGE: POST /partida with {} and HTTP headers {"HTTP_REFERER"=>"/partida"}
D, [2017-10-25T22:40:02.989068 #8080] DEBUG -- : REQUESTING PAGE: GET / with {} and HTTP headers {}
D, [2017-10-25T22:40:03.134076 #8080] DEBUG -- : REQUESTING PAGE: GET / with {} and HTTP headers {}
D, [2017-10-25T22:40:03.159077 #8080] DEBUG -- : REQUESTING PAGE: POST /partida with {} and HTTP headers {"HTTP_REFERER"=>"/"}
D, [2017-10-25T22:40:03.210080 #8080] DEBUG -- : REQUESTING PAGE: GET / with {} and HTTP headers {}
D, [2017-10-25T22:40:03.236082 #8080] DEBUG -- : REQUESTING PAGE: POST /partida with {} and HTTP headers {"HTTP_REFERER"=>"/"}
D, [2017-10-25T22:40:03.249083 #8080] DEBUG -- : REQUESTING PAGE: GET /partida with {} and HTTP headers {"HTTP_REFERER"=>"/partida"}
D, [2017-10-25T22:40:03.267084 #8080] DEBUG -- : REQUESTING PAGE: POST /partida with {} and HTTP headers {"HTTP_REFERER"=>"/partida"}
D, [2017-10-25T22:40:03.403091 #8080] DEBUG -- : REQUESTING PAGE: GET / with {} and HTTP headers {}
D, [2017-10-25T22:40:03.423092 #8080] DEBUG -- : REQUESTING PAGE: POST /partida with {} and HTTP headers {"HTTP_REFERER"=>"/"}
D, [2017-10-25T22:40:03.436093 #8080] DEBUG -- : REQUESTING PAGE: GET /partida with {} and HTTP headers {"HTTP_REFERER"=>"/partida"}
D, [2017-10-25T22:40:03.449094 #8080] DEBUG -- : REQUESTING PAGE: POST /partida with {} and HTTP headers {"HTTP_REFERER"=>"/partida"}
D, [2017-10-25T22:40:16.043814 #6260] DEBUG -- : REQUESTING PAGE: GET / with {} and HTTP headers {}
D, [2017-10-25T22:40:16.247826 #6260] DEBUG -- : REQUESTING PAGE: GET / with {} and HTTP headers {}
D, [2017-10-25T22:40:16.274828 #6260] DEBUG -- : REQUESTING PAGE: POST /partida with {} and HTTP headers {"HTTP_REFERER"=>"/"}
D, [2017-10-25T22:40:16.323830 #6260] DEBUG -- : REQUESTING PAGE: GET / with {} and HTTP headers {}
D, [2017-10-25T22:40:16.343832 #6260] DEBUG -- : REQUESTING PAGE: POST /partida with {} and HTTP headers {"HTTP_REFERER"=>"/"}
D, [2017-10-25T22:40:16.363833 #6260] DEBUG -- : REQUESTING PAGE: GET /partida with {} and HTTP headers {"HTTP_REFERER"=>"/partida"}
D, [2017-10-25T22:40:16.387834 #6260] DEBUG -- : REQUESTING PAGE: POST /partida with {} and HTTP headers {"HTTP_REFERER"=>"/partida"}
D, [2017-10-25T22:40:16.559844 #6260] DEBUG -- : REQUESTING PAGE: GET / with {} and HTTP headers {}
D, [2017-10-25T22:40:16.582845 #6260] DEBUG -- : REQUESTING PAGE: POST /partida with {} and HTTP headers {"HTTP_REFERER"=>"/"}
D, [2017-10-25T22:40:16.598846 #6260] DEBUG -- : REQUESTING PAGE: GET /partida with {} and HTTP headers {"HTTP_REFERER"=>"/partida"}
D, [2017-10-25T22:40:16.612847 #6260] DEBUG -- : REQUESTING PAGE: POST /partida with {} and HTTP headers {"HTTP_REFERER"=>"/partida"}
D, [2017-10-25T22:40:27.401464 #9120] DEBUG -- : REQUESTING PAGE: GET / with {} and HTTP headers {}
D, [2017-10-25T22:40:27.540472 #9120] DEBUG -- : REQUESTING PAGE: GET / with {} and HTTP headers {}
D, [2017-10-25T22:40:27.573474 #9120] DEBUG -- : REQUESTING PAGE: POST /partida with {} and HTTP headers {"HTTP_REFERER"=>"/"}
D, [2017-10-25T22:40:27.612476 #9120] DEBUG -- : REQUESTING PAGE: GET / with {} and HTTP headers {}
D, [2017-10-25T22:40:27.638478 #9120] DEBUG -- : REQUESTING PAGE: POST /partida with {} and HTTP headers {"HTTP_REFERER"=>"/"}
D, [2017-10-25T22:40:27.654478 #9120] DEBUG -- : REQUESTING PAGE: GET /partida with {} and HTTP headers {"HTTP_REFERER"=>"/partida"}
D, [2017-10-25T22:40:27.669479 #9120] DEBUG -- : REQUESTING PAGE: POST /partida with {} and HTTP headers {"HTTP_REFERER"=>"/partida"}
D, [2017-10-25T22:40:27.825488 #9120] DEBUG -- : REQUESTING PAGE: GET / with {} and HTTP headers {}
D, [2017-10-25T22:40:27.848490 #9120] DEBUG -- : REQUESTING PAGE: POST /partida with {} and HTTP headers {"HTTP_REFERER"=>"/"}
D, [2017-10-25T22:40:27.863490 #9120] DEBUG -- : REQUESTING PAGE: GET /partida with {} and HTTP headers {"HTTP_REFERER"=>"/partida"}
D, [2017-10-25T22:40:27.877491 #9120] DEBUG -- : REQUESTING PAGE: POST /partida with {} and HTTP headers {"HTTP_REFERER"=>"/partida"}
D, [2017-10-25T22:40:37.544044 #7900] DEBUG -- : REQUESTING PAGE: GET / with {} and HTTP headers {}
D, [2017-10-25T22:40:37.677052 #7900] DEBUG -- : REQUESTING PAGE: GET / with {} and HTTP headers {}
D, [2017-10-25T22:40:37.693053 #7900] DEBUG -- : REQUESTING PAGE: POST /partida with {} and HTTP headers {"HTTP_REFERER"=>"/"}
D, [2017-10-25T22:40:37.746056 #7900] DEBUG -- : REQUESTING PAGE: GET / with {} and HTTP headers {}
D, [2017-10-25T22:40:37.767057 #7900] DEBUG -- : REQUESTING PAGE: POST /partida with {} and HTTP headers {"HTTP_REFERER"=>"/"}
D, [2017-10-25T22:40:37.781058 #7900] DEBUG -- : REQUESTING PAGE: GET /partida with {} and HTTP headers {"HTTP_REFERER"=>"/partida"}
D, [2017-10-25T22:40:37.795058 #7900] DEBUG -- : REQUESTING PAGE: POST /partida with {} and HTTP headers {"HTTP_REFERER"=>"/partida"}
D, [2017-10-25T22:40:37.925066 #7900] DEBUG -- : REQUESTING PAGE: GET / with {} and HTTP headers {}
D, [2017-10-25T22:40:37.943067 #7900] DEBUG -- : REQUESTING PAGE: POST /partida with {} and HTTP headers {"HTTP_REFERER"=>"/"}
D, [2017-10-25T22:40:37.956068 #7900] DEBUG -- : REQUESTING PAGE: GET /partida with {} and HTTP headers {"HTTP_REFERER"=>"/partida"}
D, [2017-10-25T22:40:37.969068 #7900] DEBUG -- : REQUESTING PAGE: POST /partida with {} and HTTP headers {"HTTP_REFERER"=>"/partida"}
D, [2017-10-25T22:42:59.604169 #8968] DEBUG -- : REQUESTING PAGE: GET / with {} and HTTP headers {}
D, [2017-10-25T22:42:59.761178 #8968] DEBUG -- : REQUESTING PAGE: GET / with {} and HTTP headers {}
D, [2017-10-25T22:42:59.780180 #8968] DEBUG -- : REQUESTING PAGE: POST /partida with {} and HTTP headers {"HTTP_REFERER"=>"/"}
D, [2017-10-25T22:42:59.819182 #8968] DEBUG -- : REQUESTING PAGE: GET / with {} and HTTP headers {}
D, [2017-10-25T22:42:59.839183 #8968] DEBUG -- : REQUESTING PAGE: POST /partida with {} and HTTP headers {"HTTP_REFERER"=>"/"}
D, [2017-10-25T22:42:59.853184 #8968] DEBUG -- : REQUESTING PAGE: GET /partida with {} and HTTP headers {"HTTP_REFERER"=>"/partida"}
D, [2017-10-25T22:42:59.866184 #8968] DEBUG -- : REQUESTING PAGE: POST /partida with {} and HTTP headers {"HTTP_REFERER"=>"/partida"}
D, [2017-10-25T22:42:59.996192 #8968] DEBUG -- : REQUESTING PAGE: GET / with {} and HTTP headers {}
D, [2017-10-25T22:43:00.027194 #8968] DEBUG -- : REQUESTING PAGE: POST /partida with {} and HTTP headers {"HTTP_REFERER"=>"/"}
D, [2017-10-25T22:43:00.041194 #8968] DEBUG -- : REQUESTING PAGE: GET /partida with {} and HTTP headers {"HTTP_REFERER"=>"/partida"}
D, [2017-10-25T22:43:00.054195 #8968] DEBUG -- : REQUESTING PAGE: POST /partida with {} and HTTP headers {"HTTP_REFERER"=>"/partida"}
D, [2017-10-25T22:45:52.943084 #5420] DEBUG -- : REQUESTING PAGE: GET / with {} and HTTP headers {}
D, [2017-10-25T22:45:53.079092 #5420] DEBUG -- : REQUESTING PAGE: GET / with {} and HTTP headers {}
D, [2017-10-25T22:45:53.101093 #5420] DEBUG -- : REQUESTING PAGE: POST /partida with {} and HTTP headers {"HTTP_REFERER"=>"/"}
D, [2017-10-25T22:45:53.140095 #5420] DEBUG -- : REQUESTING PAGE: GET / with {} and HTTP headers {}
D, [2017-10-25T22:45:53.160096 #5420] DEBUG -- : REQUESTING PAGE: POST /partida with {} and HTTP headers {"HTTP_REFERER"=>"/"}
D, [2017-10-25T22:45:53.174097 #5420] DEBUG -- : REQUESTING PAGE: GET /partida with {} and HTTP headers {"HTTP_REFERER"=>"/partida"}
D, [2017-10-25T22:45:53.189098 #5420] DEBUG -- : REQUESTING PAGE: POST /puntoParaJugador1 with {} and HTTP headers {"HTTP_REFERER"=>"/partida"}
D, [2017-10-25T22:51:54.229748 #10164] DEBUG -- : REQUESTING PAGE: GET / with {} and HTTP headers {}
D, [2017-10-25T22:51:54.370756 #10164] DEBUG -- : REQUESTING PAGE: GET / with {} and HTTP headers {}
D, [2017-10-25T22:51:54.391758 #10164] DEBUG -- : REQUESTING PAGE: POST /partida with {} and HTTP headers {"HTTP_REFERER"=>"/"}
D, [2017-10-25T22:51:54.424759 #10164] DEBUG -- : REQUESTING PAGE: GET / with {} and HTTP headers {}
D, [2017-10-25T22:51:54.445761 #10164] DEBUG -- : REQUESTING PAGE: POST /partida with {} and HTTP headers {"HTTP_REFERER"=>"/"}
D, [2017-10-25T22:51:54.458761 #10164] DEBUG -- : REQUESTING PAGE: GET /partida with {} and HTTP headers {"HTTP_REFERER"=>"/partida"}
D, [2017-10-25T22:51:54.470762 #10164] DEBUG -- : REQUESTING PAGE: POST /puntoParaJugador1 with {} and HTTP headers {"HTTP_REFERER"=>"/partida"}
D, [2017-10-25T22:53:37.674665 #3436] DEBUG -- : REQUESTING PAGE: GET / with {} and HTTP headers {}
D, [2017-10-25T22:53:37.832674 #3436] DEBUG -- : REQUESTING PAGE: GET / with {} and HTTP headers {}
D, [2017-10-25T22:53:37.868676 #3436] DEBUG -- : REQUESTING PAGE: POST /partida with {} and HTTP headers {"HTTP_REFERER"=>"/"}
D, [2017-10-25T22:53:37.912679 #3436] DEBUG -- : REQUESTING PAGE: GET / with {} and HTTP headers {}
D, [2017-10-25T22:53:37.947681 #3436] DEBUG -- : REQUESTING PAGE: POST /partida with {} and HTTP headers {"HTTP_REFERER"=>"/"}
D, [2017-10-25T22:53:37.963682 #3436] DEBUG -- : REQUESTING PAGE: GET /partida with {} and HTTP headers {"HTTP_REFERER"=>"/partida"}
D, [2017-10-25T22:53:37.976682 #3436] DEBUG -- : REQUESTING PAGE: POST /puntoParaJugador1 with {} and HTTP headers {"HTTP_REFERER"=>"/partida"}
D, [2017-10-25T22:54:05.993285 #3436] DEBUG -- : REQUESTING PAGE: GET / with {} and HTTP headers {}
D, [2017-10-25T22:54:06.012286 #3436] DEBUG -- : REQUESTING PAGE: POST /partida with {} and HTTP headers {"HTTP_REFERER"=>"/"}
D, [2017-10-25T22:54:06.027287 #3436] DEBUG -- : REQUESTING PAGE: GET /partida with {} and HTTP headers {"HTTP_REFERER"=>"/partida"}
D, [2017-10-25T22:54:06.045288 #3436] DEBUG -- : REQUESTING PAGE: POST /puntoParaJugador2 with {} and HTTP headers {"HTTP_REFERER"=>"/partida"}
D, [2017-10-25T23:10:27.130403 #8456] DEBUG -- : REQUESTING PAGE: GET / with {} and HTTP headers {}
D, [2017-10-25T23:10:27.302412 #8456] DEBUG -- : REQUESTING PAGE: GET / with {} and HTTP headers {}
D, [2017-10-25T23:10:27.324414 #8456] DEBUG -- : REQUESTING PAGE: POST /partida with {} and HTTP headers {"HTTP_REFERER"=>"/"}
D, [2017-10-25T23:10:27.367416 #8456] DEBUG -- : REQUESTING PAGE: GET / with {} and HTTP headers {}
D, [2017-10-25T23:10:27.390417 #8456] DEBUG -- : REQUESTING PAGE: POST /partida with {} and HTTP headers {"HTTP_REFERER"=>"/"}
D, [2017-10-25T23:10:27.406418 #8456] DEBUG -- : REQUESTING PAGE: GET /partida with {} and HTTP headers {"HTTP_REFERER"=>"/partida"}
D, [2017-10-25T23:10:27.423419 #8456] DEBUG -- : REQUESTING PAGE: POST /puntoParaJugador1 with {} and HTTP headers {"HTTP_REFERER"=>"/partida"}
D, [2017-10-25T23:24:03.654105 #7220] DEBUG -- : REQUESTING PAGE: GET / with {} and HTTP headers {}
D, [2017-10-25T23:24:03.798113 #7220] DEBUG -- : REQUESTING PAGE: GET / with {} and HTTP headers {}
D, [2017-10-25T23:24:03.819115 #7220] DEBUG -- : REQUESTING PAGE: POST /partida with {} and HTTP headers {"HTTP_REFERER"=>"/"}
D, [2017-10-25T23:24:03.853116 #7220] DEBUG -- : REQUESTING PAGE: GET / with {} and HTTP headers {}
D, [2017-10-25T23:24:03.874118 #7220] DEBUG -- : REQUESTING PAGE: POST /partida with {} and HTTP headers {"HTTP_REFERER"=>"/"}
D, [2017-10-25T23:24:03.886118 #7220] DEBUG -- : REQUESTING PAGE: GET /partida with {} and HTTP headers {"HTTP_REFERER"=>"/partida"}
D, [2017-10-25T23:24:03.905119 #7220] DEBUG -- : REQUESTING PAGE: POST /puntoParaJugador1 with {} and HTTP headers {"HTTP_REFERER"=>"/partida"}
D, [2017-10-25T23:24:03.946122 #7220] DEBUG -- : REQUESTING PAGE: GET / with {} and HTTP headers {}
D, [2017-10-25T23:24:03.965123 #7220] DEBUG -- : REQUESTING PAGE: POST /partida with {} and HTTP headers {"HTTP_REFERER"=>"/"}
D, [2017-10-25T23:24:03.977124 #7220] DEBUG -- : REQUESTING PAGE: GET /partida with {} and HTTP headers {"HTTP_REFERER"=>"/partida"}
D, [2017-10-25T23:24:03.990124 #7220] DEBUG -- : REQUESTING PAGE: POST /puntoParaJugador2 with {} and HTTP headers {"HTTP_REFERER"=>"/partida"}
D, [2017-10-25T23:24:04.005125 #7220] DEBUG -- : REQUESTING PAGE: GET /puntoParaJugador2 with {} and HTTP headers {"HTTP_REFERER"=>"/puntoParaJugador2"}
D, [2017-10-25T23:24:33.206795 #9328] DEBUG -- : REQUESTING PAGE: GET / with {} and HTTP headers {}
D, [2017-10-25T23:24:33.352804 #9328] DEBUG -- : REQUESTING PAGE: GET / with {} and HTTP headers {}
D, [2017-10-25T23:24:33.374805 #9328] DEBUG -- : REQUESTING PAGE: POST /partida with {} and HTTP headers {"HTTP_REFERER"=>"/"}
D, [2017-10-25T23:24:33.412807 #9328] DEBUG -- : REQUESTING PAGE: GET / with {} and HTTP headers {}
D, [2017-10-25T23:24:33.436809 #9328] DEBUG -- : REQUESTING PAGE: POST /partida with {} and HTTP headers {"HTTP_REFERER"=>"/"}
D, [2017-10-25T23:24:33.452809 #9328] DEBUG -- : REQUESTING PAGE: GET /partida with {} and HTTP headers {"HTTP_REFERER"=>"/partida"}
D, [2017-10-25T23:24:33.466810 #9328] DEBUG -- : REQUESTING PAGE: POST /puntoParaJugador1 with {} and HTTP headers {"HTTP_REFERER"=>"/partida"}
D, [2017-10-25T23:24:33.494812 #9328] DEBUG -- : REQUESTING PAGE: GET / with {} and HTTP headers {}
D, [2017-10-25T23:24:33.513813 #9328] DEBUG -- : REQUESTING PAGE: POST /partida with {} and HTTP headers {"HTTP_REFERER"=>"/"}
D, [2017-10-25T23:24:33.527814 #9328] DEBUG -- : REQUESTING PAGE: GET /partida with {} and HTTP headers {"HTTP_REFERER"=>"/partida"}
D, [2017-10-25T23:24:33.539814 #9328] DEBUG -- : REQUESTING PAGE: POST /puntoParaJugador2 with {} and HTTP headers {"HTTP_REFERER"=>"/partida"}
D, [2017-10-25T23:24:42.119305 #9108] DEBUG -- : REQUESTING PAGE: GET / with {} and HTTP headers {}
D, [2017-10-25T23:24:42.256313 #9108] DEBUG -- : REQUESTING PAGE: GET / with {} and HTTP headers {}
D, [2017-10-25T23:24:42.280314 #9108] DEBUG -- : REQUESTING PAGE: POST /partida with {} and HTTP headers {"HTTP_REFERER"=>"/"}
D, [2017-10-25T23:24:42.320317 #9108] DEBUG -- : REQUESTING PAGE: GET / with {} and HTTP headers {}
D, [2017-10-25T23:24:42.343318 #9108] DEBUG -- : REQUESTING PAGE: POST /partida with {} and HTTP headers {"HTTP_REFERER"=>"/"}
D, [2017-10-25T23:24:42.356319 #9108] DEBUG -- : REQUESTING PAGE: GET /partida with {} and HTTP headers {"HTTP_REFERER"=>"/partida"}
D, [2017-10-25T23:24:42.371320 #9108] DEBUG -- : REQUESTING PAGE: POST /puntoParaJugador1 with {} and HTTP headers {"HTTP_REFERER"=>"/partida"}
D, [2017-10-25T23:24:42.397321 #9108] DEBUG -- : REQUESTING PAGE: GET / with {} and HTTP headers {}
D, [2017-10-25T23:24:42.421322 #9108] DEBUG -- : REQUESTING PAGE: POST /partida with {} and HTTP headers {"HTTP_REFERER"=>"/"}
D, [2017-10-25T23:24:42.438323 #9108] DEBUG -- : REQUESTING PAGE: GET /partida with {} and HTTP headers {"HTTP_REFERER"=>"/partida"}
D, [2017-10-25T23:24:42.455324 #9108] DEBUG -- : REQUESTING PAGE: POST /puntoParaJugador2 with {} and HTTP headers {"HTTP_REFERER"=>"/partida"}
D, [2017-10-25T23:29:51.796018 #4152] DEBUG -- : REQUESTING PAGE: GET / with {} and HTTP headers {}
D, [2017-10-25T23:29:51.939026 #4152] DEBUG -- : REQUESTING PAGE: GET / with {} and HTTP headers {}
D, [2017-10-25T23:29:51.961027 #4152] DEBUG -- : REQUESTING PAGE: POST /partida with {} and HTTP headers {"HTTP_REFERER"=>"/"}
D, [2017-10-25T23:29:51.998029 #4152] DEBUG -- : REQUESTING PAGE: GET / with {} and HTTP headers {}
D, [2017-10-25T23:29:52.017030 #4152] DEBUG -- : REQUESTING PAGE: POST /partida with {} and HTTP headers {"HTTP_REFERER"=>"/"}
D, [2017-10-25T23:29:52.029031 #4152] DEBUG -- : REQUESTING PAGE: GET /partida with {} and HTTP headers {"HTTP_REFERER"=>"/partida"}
D, [2017-10-25T23:29:52.042032 #4152] DEBUG -- : REQUESTING PAGE: POST /puntoParaJugador1 with {} and HTTP headers {"HTTP_REFERER"=>"/partida"}
D, [2017-10-25T23:29:52.067033 #4152] DEBUG -- : REQUESTING PAGE: GET / with {} and HTTP headers {}
D, [2017-10-25T23:29:52.087034 #4152] DEBUG -- : REQUESTING PAGE: POST /partida with {} and HTTP headers {"HTTP_REFERER"=>"/"}
D, [2017-10-25T23:29:52.099035 #4152] DEBUG -- : REQUESTING PAGE: GET /partida with {} and HTTP headers {"HTTP_REFERER"=>"/partida"}
D, [2017-10-25T23:29:52.111036 #4152] DEBUG -- : REQUESTING PAGE: POST /puntoParaJugador2 with {} and HTTP headers {"HTTP_REFERER"=>"/partida"}
D, [2017-10-25T23:29:52.135037 #4152] DEBUG -- : REQUESTING PAGE: GET /partida with {} and HTTP headers {}
D, [2017-10-25T23:29:52.155038 #4152] DEBUG -- : REQUESTING PAGE: POST /reiniciar with {} and HTTP headers {"HTTP_REFERER"=>"/partida"}
D, [2017-10-25T23:30:20.003631 #10088] DEBUG -- : REQUESTING PAGE: GET / with {} and HTTP headers {}
D, [2017-10-25T23:30:20.133638 #10088] DEBUG -- : REQUESTING PAGE: GET / with {} and HTTP headers {}
D, [2017-10-25T23:30:20.161640 #10088] DEBUG -- : REQUESTING PAGE: POST /partida with {} and HTTP headers {"HTTP_REFERER"=>"/"}
D, [2017-10-25T23:30:20.195642 #10088] DEBUG -- : REQUESTING PAGE: GET / with {} and HTTP headers {}
D, [2017-10-25T23:30:20.215643 #10088] DEBUG -- : REQUESTING PAGE: POST /partida with {} and HTTP headers {"HTTP_REFERER"=>"/"}
D, [2017-10-25T23:30:20.228644 #10088] DEBUG -- : REQUESTING PAGE: GET /partida with {} and HTTP headers {"HTTP_REFERER"=>"/partida"}
D, [2017-10-25T23:30:20.241645 #10088] DEBUG -- : REQUESTING PAGE: POST /puntoParaJugador1 with {} and HTTP headers {"HTTP_REFERER"=>"/partida"}
D, [2017-10-25T23:30:20.267646 #10088] DEBUG -- : REQUESTING PAGE: GET / with {} and HTTP headers {}
D, [2017-10-25T23:30:20.286647 #10088] DEBUG -- : REQUESTING PAGE: POST /partida with {} and HTTP headers {"HTTP_REFERER"=>"/"}
D, [2017-10-25T23:30:20.298648 #10088] DEBUG -- : REQUESTING PAGE: GET /partida with {} and HTTP headers {"HTTP_REFERER"=>"/partida"}
D, [2017-10-25T23:30:20.313649 #10088] DEBUG -- : REQUESTING PAGE: POST /puntoParaJugador2 with {} and HTTP headers {"HTTP_REFERER"=>"/partida"}
D, [2017-10-25T23:30:20.452657 #10088] DEBUG -- : REQUESTING PAGE: GET /partida with {} and HTTP headers {}
D, [2017-10-25T23:30:20.471658 #10088] DEBUG -- : REQUESTING PAGE: POST /reiniciar with {} and HTTP headers {"HTTP_REFERER"=>"/partida"}
D, [2017-10-25T23:30:42.890940 #8716] DEBUG -- : REQUESTING PAGE: GET / with {} and HTTP headers {}
D, [2017-10-25T23:30:43.019947 #8716] DEBUG -- : REQUESTING PAGE: GET / with {} and HTTP headers {}
D, [2017-10-25T23:30:43.037949 #8716] DEBUG -- : REQUESTING PAGE: POST /partida with {} and HTTP headers {"HTTP_REFERER"=>"/"}
D, [2017-10-25T23:30:43.075951 #8716] DEBUG -- : REQUESTING PAGE: GET / with {} and HTTP headers {}
D, [2017-10-25T23:30:43.094952 #8716] DEBUG -- : REQUESTING PAGE: POST /partida with {} and HTTP headers {"HTTP_REFERER"=>"/"}
D, [2017-10-25T23:30:43.107953 #8716] DEBUG -- : REQUESTING PAGE: GET /partida with {} and HTTP headers {"HTTP_REFERER"=>"/partida"}
D, [2017-10-25T23:30:43.120953 #8716] DEBUG -- : REQUESTING PAGE: POST /puntoParaJugador1 with {} and HTTP headers {"HTTP_REFERER"=>"/partida"}
D, [2017-10-25T23:30:43.147955 #8716] DEBUG -- : REQUESTING PAGE: GET / with {} and HTTP headers {}
D, [2017-10-25T23:30:43.172956 #8716] DEBUG -- : REQUESTING PAGE: POST /partida with {} and HTTP headers {"HTTP_REFERER"=>"/"}
D, [2017-10-25T23:30:43.188957 #8716] DEBUG -- : REQUESTING PAGE: GET /partida with {} and HTTP headers {"HTTP_REFERER"=>"/partida"}
D, [2017-10-25T23:30:43.204958 #8716] DEBUG -- : REQUESTING PAGE: POST /puntoParaJugador2 with {} and HTTP headers {"HTTP_REFERER"=>"/partida"}
D, [2017-10-25T23:30:43.231960 #8716] DEBUG -- : REQUESTING PAGE: GET /partida with {} and HTTP headers {}
D, [2017-10-25T23:30:43.249961 #8716] DEBUG -- : REQUESTING PAGE: POST /reiniciar with {} and HTTP headers {"HTTP_REFERER"=>"/partida"}
D, [2017-10-25T23:30:43.263961 #8716] DEBUG -- : REQUESTING PAGE: GET / with {} and HTTP headers {"HTTP_REFERER"=>"/reiniciar"}
D, [2017-10-25T23:59:47.069701 #8616] DEBUG -- : REQUESTING PAGE: GET / with {} and HTTP headers {}
D, [2017-10-25T23:59:47.240711 #8616] DEBUG -- : REQUESTING PAGE: GET / with {} and HTTP headers {}
D, [2017-10-25T23:59:47.264713 #8616] DEBUG -- : REQUESTING PAGE: POST /partida with {} and HTTP headers {"HTTP_REFERER"=>"/"}
D, [2017-10-25T23:59:47.309715 #8616] DEBUG -- : REQUESTING PAGE: GET / with {} and HTTP headers {}
D, [2017-10-25T23:59:47.333717 #8616] DEBUG -- : REQUESTING PAGE: POST /partida with {} and HTTP headers {"HTTP_REFERER"=>"/"}
D, [2017-10-25T23:59:47.350717 #8616] DEBUG -- : REQUESTING PAGE: GET /partida with {} and HTTP headers {"HTTP_REFERER"=>"/partida"}
D, [2017-10-25T23:59:47.367718 #8616] DEBUG -- : REQUESTING PAGE: POST /puntoParaJugador1 with {} and HTTP headers {"HTTP_REFERER"=>"/partida"}
D, [2017-10-25T23:59:47.402720 #8616] DEBUG -- : REQUESTING PAGE: GET / with {} and HTTP headers {}
D, [2017-10-25T23:59:47.422722 #8616] DEBUG -- : REQUESTING PAGE: POST /partida with {} and HTTP headers {"HTTP_REFERER"=>"/"}
D, [2017-10-25T23:59:47.461724 #8616] DEBUG -- : REQUESTING PAGE: GET /partida with {} and HTTP headers {"HTTP_REFERER"=>"/partida"}
D, [2017-10-25T23:59:47.476725 #8616] DEBUG -- : REQUESTING PAGE: POST /puntoParaJugador2 with {} and HTTP headers {"HTTP_REFERER"=>"/partida"}
D, [2017-10-25T23:59:47.504726 #8616] DEBUG -- : REQUESTING PAGE: GET /partida with {} and HTTP headers {}
D, [2017-10-25T23:59:47.528728 #8616] DEBUG -- : REQUESTING PAGE: POST /reiniciar with {} and HTTP headers {"HTTP_REFERER"=>"/partida"}
D, [2017-10-25T23:59:47.543729 #8616] DEBUG -- : REQUESTING PAGE: GET / with {} and HTTP headers {"HTTP_REFERER"=>"/reiniciar"}
D, [2017-10-26T00:00:43.494929 #6612] DEBUG -- : REQUESTING PAGE: GET / with {} and HTTP headers {}
D, [2017-10-26T00:00:43.633937 #6612] DEBUG -- : REQUESTING PAGE: GET / with {} and HTTP headers {}
D, [2017-10-26T00:00:43.656938 #6612] DEBUG -- : REQUESTING PAGE: POST /partida with {} and HTTP headers {"HTTP_REFERER"=>"/"}
D, [2017-10-26T00:00:43.694940 #6612] DEBUG -- : REQUESTING PAGE: GET / with {} and HTTP headers {}
D, [2017-10-26T00:00:43.716941 #6612] DEBUG -- : REQUESTING PAGE: POST /partida with {} and HTTP headers {"HTTP_REFERER"=>"/"}
D, [2017-10-26T00:00:43.733942 #6612] DEBUG -- : REQUESTING PAGE: GET /partida with {} and HTTP headers {"HTTP_REFERER"=>"/partida"}
D, [2017-10-26T00:00:43.748943 #6612] DEBUG -- : REQUESTING PAGE: POST /puntoParaJugador1 with {} and HTTP headers {"HTTP_REFERER"=>"/partida"}
D, [2017-10-26T00:00:43.776945 #6612] DEBUG -- : REQUESTING PAGE: GET / with {} and HTTP headers {}
D, [2017-10-26T00:00:43.795946 #6612] DEBUG -- : REQUESTING PAGE: POST /partida with {} and HTTP headers {"HTTP_REFERER"=>"/"}
D, [2017-10-26T00:00:43.810947 #6612] DEBUG -- : REQUESTING PAGE: GET /partida with {} and HTTP headers {"HTTP_REFERER"=>"/partida"}
D, [2017-10-26T00:00:43.822948 #6612] DEBUG -- : REQUESTING PAGE: POST /puntoParaJugador2 with {} and HTTP headers {"HTTP_REFERER"=>"/partida"}
D, [2017-10-26T00:00:43.849949 #6612] DEBUG -- : REQUESTING PAGE: GET /partida with {} and HTTP headers {}
D, [2017-10-26T00:00:43.870950 #6612] DEBUG -- : REQUESTING PAGE: POST /reiniciar with {} and HTTP headers {"HTTP_REFERER"=>"/partida"}
D, [2017-10-26T00:00:43.881951 #6612] DEBUG -- : REQUESTING PAGE: GET / with {} and HTTP headers {"HTTP_REFERER"=>"/reiniciar"}
D, [2017-10-26T00:06:55.935231 #9524] DEBUG -- : REQUESTING PAGE: GET / with {} and HTTP headers {}
D, [2017-10-26T00:06:56.085240 #9524] DEBUG -- : REQUESTING PAGE: GET / with {} and HTTP headers {}
D, [2017-10-26T00:06:56.108241 #9524] DEBUG -- : REQUESTING PAGE: POST /partida with {} and HTTP headers {"HTTP_REFERER"=>"/"}
D, [2017-10-26T00:06:56.142243 #9524] DEBUG -- : REQUESTING PAGE: GET / with {} and HTTP headers {}
D, [2017-10-26T00:06:56.161244 #9524] DEBUG -- : REQUESTING PAGE: POST /partida with {} and HTTP headers {"HTTP_REFERER"=>"/"}
D, [2017-10-26T00:06:56.175245 #9524] DEBUG -- : REQUESTING PAGE: GET /partida with {} and HTTP headers {"HTTP_REFERER"=>"/partida"}
D, [2017-10-26T00:06:56.189246 #9524] DEBUG -- : REQUESTING PAGE: POST /puntoParaJugador1 with {} and HTTP headers {"HTTP_REFERER"=>"/partida"}
D, [2017-10-26T00:06:56.214247 #9524] DEBUG -- : REQUESTING PAGE: GET / with {} and HTTP headers {}
D, [2017-10-26T00:06:56.233248 #9524] DEBUG -- : REQUESTING PAGE: POST /partida with {} and HTTP headers {"HTTP_REFERER"=>"/"}
D, [2017-10-26T00:06:56.247249 #9524] DEBUG -- : REQUESTING PAGE: GET /partida with {} and HTTP headers {"HTTP_REFERER"=>"/partida"}
D, [2017-10-26T00:06:56.261250 #9524] DEBUG -- : REQUESTING PAGE: POST /puntoParaJugador2 with {} and HTTP headers {"HTTP_REFERER"=>"/partida"}
D, [2017-10-26T00:06:56.287251 #9524] DEBUG -- : REQUESTING PAGE: GET /partida with {} and HTTP headers {}
D, [2017-10-26T00:06:56.311253 #9524] DEBUG -- : REQUESTING PAGE: POST /reiniciar with {} and HTTP headers {"HTTP_REFERER"=>"/partida"}
D, [2017-10-26T00:06:56.322253 #9524] DEBUG -- : REQUESTING PAGE: GET / with {} and HTTP headers {"HTTP_REFERER"=>"/reiniciar"}
D, [2017-10-26T00:10:31.980588 #9400] DEBUG -- : REQUESTING PAGE: GET / with {} and HTTP headers {}
D, [2017-10-26T00:10:32.118596 #9400] DEBUG -- : REQUESTING PAGE: GET / with {} and HTTP headers {}
D, [2017-10-26T00:10:32.140597 #9400] DEBUG -- : REQUESTING PAGE: POST /partida with {} and HTTP headers {"HTTP_REFERER"=>"/"}
D, [2017-10-26T00:10:32.180600 #9400] DEBUG -- : REQUESTING PAGE: GET / with {} and HTTP headers {}
D, [2017-10-26T00:10:32.198601 #9400] DEBUG -- : REQUESTING PAGE: POST /partida with {} and HTTP headers {"HTTP_REFERER"=>"/"}
D, [2017-10-26T00:10:32.212601 #9400] DEBUG -- : REQUESTING PAGE: GET /partida with {} and HTTP headers {"HTTP_REFERER"=>"/partida"}
D, [2017-10-26T00:10:32.223602 #9400] DEBUG -- : REQUESTING PAGE: POST /puntoParaJugador1 with {} and HTTP headers {"HTTP_REFERER"=>"/partida"}
D, [2017-10-26T00:10:32.250604 #9400] DEBUG -- : REQUESTING PAGE: GET / with {} and HTTP headers {}
D, [2017-10-26T00:10:32.270605 #9400] DEBUG -- : REQUESTING PAGE: POST /partida with {} and HTTP headers {"HTTP_REFERER"=>"/"}
D, [2017-10-26T00:10:32.282605 #9400] DEBUG -- : REQUESTING PAGE: GET /partida with {} and HTTP headers {"HTTP_REFERER"=>"/partida"}
D, [2017-10-26T00:10:32.295606 #9400] DEBUG -- : REQUESTING PAGE: POST /puntoParaJugador2 with {} and HTTP headers {"HTTP_REFERER"=>"/partida"}
D, [2017-10-26T00:10:32.319608 #9400] DEBUG -- : REQUESTING PAGE: GET /partida with {} and HTTP headers {}
D, [2017-10-26T00:10:32.341609 #9400] DEBUG -- : REQUESTING PAGE: POST /reiniciar with {} and HTTP headers {"HTTP_REFERER"=>"/partida"}
D, [2017-10-26T00:10:32.352609 #9400] DEBUG -- : REQUESTING PAGE: GET / with {} and HTTP headers {"HTTP_REFERER"=>"/reiniciar"}
